\BOOKMARK [0][-]{titelblad.0}{Titelblad}{}% 1
\BOOKMARK [1][-]{section*.3}{Forord}{titelblad.0}% 2
\BOOKMARK [1][-]{section*.4}{L\346sevejledning}{titelblad.0}% 3
\BOOKMARK [0][-]{indhold.0}{Indholdsfortegnelse}{}% 4
\BOOKMARK [0][-]{chapter.1}{Indledning}{}% 5
\BOOKMARK [1][-]{section.1.1}{Indledning}{chapter.1}% 6
\BOOKMARK [2][-]{subsection.1.1.1}{Initierende problemstilling}{section.1.1}% 7
\BOOKMARK [0][-]{chapter.2}{Problemanalyse}{}% 8
\BOOKMARK [1][-]{section.2.1}{Amyotrofisk lateral sklerose}{chapter.2}% 9
\BOOKMARK [2][-]{subsection.2.1.1}{Livskvalitet hos ALS-patienter}{section.2.1}% 10
\BOOKMARK [1][-]{section.2.2}{Hj\346lpemidler til brug ved ALS}{chapter.2}% 11
\BOOKMARK [2][-]{subsection.2.2.1}{Teknologiske hj\346lpemidler}{section.2.2}% 12
\BOOKMARK [2][-]{subsection.2.2.2}{Body augmentation som hj\346lpemiddel}{section.2.2}% 13
\BOOKMARK [1][-]{section.2.3}{Gangfunktion}{chapter.2}% 14
\BOOKMARK [2][-]{subsection.2.3.1}{Kn\346ets opbygning}{section.2.3}% 15
\BOOKMARK [2][-]{subsection.2.3.2}{Kn\346ets funktion}{section.2.3}% 16
\BOOKMARK [1][-]{section.2.4}{Problemafgr\346nsning}{chapter.2}% 17
\BOOKMARK [2][-]{subsection.2.4.1}{Problemformulering}{section.2.4}% 18
\BOOKMARK [0][-]{chapter.3}{Systemudvikling}{}% 19
\BOOKMARK [1][-]{section.3.1}{Systembeskrivelse}{chapter.3}% 20
\BOOKMARK [2][-]{subsection.3.1.1}{Overordnet krav til systemet}{section.3.1}% 21
\BOOKMARK [2][-]{subsection.3.1.2}{Blokdiagram}{section.3.1}% 22
\BOOKMARK [1][-]{section.3.2}{L\370sningsstrategi}{chapter.3}% 23
\BOOKMARK [0][-]{chapter.4}{Teori og design}{}% 24
\BOOKMARK [1][-]{section.4.1}{Analog del}{chapter.4}% 25
\BOOKMARK [2][-]{subsection.4.1.1}{Opsamling af EMG-signaler}{section.4.1}% 26
\BOOKMARK [2][-]{subsection.4.1.2}{Opsamling af accelerometer-signaler}{section.4.1}% 27
\BOOKMARK [2][-]{subsection.4.1.3}{Sp\346ndingsforsyning}{section.4.1}% 28
\BOOKMARK [1][-]{section.4.2}{Digital del}{chapter.4}% 29
\BOOKMARK [2][-]{subsection.4.2.1}{Analog-to-Digital Converter}{section.4.2}% 30
\BOOKMARK [2][-]{subsection.4.2.2}{Digital filtrering}{section.4.2}% 31
\BOOKMARK [2][-]{subsection.4.2.3}{Vinkelberegning}{section.4.2}% 32
\BOOKMARK [2][-]{subsection.4.2.4}{EMG-algoritme}{section.4.2}% 33
\BOOKMARK [2][-]{subsection.4.2.5}{Tr\345dl\370s kommunikation}{section.4.2}% 34
\BOOKMARK [0][-]{chapter.5}{Implementering}{}% 35
\BOOKMARK [1][-]{section.5.1}{Analog del}{chapter.5}% 36
\BOOKMARK [2][-]{subsection.5.1.1}{Opsamling af EMG-signaler}{section.5.1}% 37
\BOOKMARK [2][-]{subsection.5.1.2}{Opsamling af accelerometer-signaler}{section.5.1}% 38
\BOOKMARK [2][-]{subsection.5.1.3}{Sp\346ndingsforsyning}{section.5.1}% 39
\BOOKMARK [1][-]{section.5.2}{Digital del}{chapter.5}% 40
\BOOKMARK [2][-]{subsection.5.2.1}{Analog-to-Digital Converter}{section.5.2}% 41
\BOOKMARK [2][-]{subsection.5.2.2}{IIR-lavpasfilter}{section.5.2}% 42
\BOOKMARK [2][-]{subsection.5.2.3}{Moving average filter}{section.5.2}% 43
\BOOKMARK [2][-]{subsection.5.2.4}{Vinkelberegning}{section.5.2}% 44
\BOOKMARK [2][-]{subsection.5.2.5}{EMG-algoritme}{section.5.2}% 45
\BOOKMARK [2][-]{subsection.5.2.6}{Tr\345dl\370s kommunikation}{section.5.2}% 46
\BOOKMARK [2][-]{subsection.5.2.7}{Low power mode}{section.5.2}% 47
\BOOKMARK [1][-]{section.5.3}{Flowdiagram}{chapter.5}% 48
\BOOKMARK [2][-]{subsection.5.3.1}{Overordnet flowdiagram}{section.5.3}% 49
\BOOKMARK [2][-]{subsection.5.3.2}{Initialiserende flowdiagram}{section.5.3}% 50
\BOOKMARK [2][-]{subsection.5.3.3}{EMG-algoritme}{section.5.3}% 51
\BOOKMARK [0][-]{chapter.6}{Test}{}% 52
\BOOKMARK [1][-]{section.6.1}{Analog del}{chapter.6}% 53
\BOOKMARK [2][-]{subsection.6.1.1}{EMG-forst\346rker}{section.6.1}% 54
\BOOKMARK [2][-]{subsection.6.1.2}{Accelerometre}{section.6.1}% 55
\BOOKMARK [2][-]{subsection.6.1.3}{Sp\346ndingsforsyning}{section.6.1}% 56
\BOOKMARK [1][-]{section.6.2}{Digital del}{chapter.6}% 57
\BOOKMARK [2][-]{subsection.6.2.1}{ADC}{section.6.2}% 58
\BOOKMARK [2][-]{subsection.6.2.2}{Lavpasfilter}{section.6.2}% 59
\BOOKMARK [2][-]{subsection.6.2.3}{Moving average filter}{section.6.2}% 60
\BOOKMARK [2][-]{subsection.6.2.4}{Vinkelberegning}{section.6.2}% 61
\BOOKMARK [2][-]{subsection.6.2.5}{EMG-algoritme}{section.6.2}% 62
\BOOKMARK [0][-]{chapter.7}{Systemtest}{}% 63
\BOOKMARK [1][-]{section.7.1}{Systemtest med kendt input}{chapter.7}% 64
\BOOKMARK [2][-]{subsection.7.1.1}{Beskrivelse}{section.7.1}% 65
\BOOKMARK [2][-]{subsection.7.1.2}{Udf\370rsel af test}{section.7.1}% 66
\BOOKMARK [2][-]{subsection.7.1.3}{Konklusion}{section.7.1}% 67
\BOOKMARK [1][-]{section.7.2}{Systemtest med bruger-input}{chapter.7}% 68
\BOOKMARK [2][-]{subsection.7.2.1}{Beskrivelse}{section.7.2}% 69
\BOOKMARK [2][-]{subsection.7.2.2}{Udf\370rsel af test}{section.7.2}% 70
\BOOKMARK [2][-]{subsection.7.2.3}{Konklusion}{section.7.2}% 71
\BOOKMARK [0][-]{chapter.8}{Syntese}{}% 72
\BOOKMARK [1][-]{section.8.1}{Diskussion}{chapter.8}% 73
\BOOKMARK [2][-]{subsection.8.1.1}{Design af systemet}{section.8.1}% 74
\BOOKMARK [2][-]{subsection.8.1.2}{Kommunikation}{section.8.1}% 75
\BOOKMARK [2][-]{subsection.8.1.3}{Valg af komponenter}{section.8.1}% 76
\BOOKMARK [2][-]{subsection.8.1.4}{Fordele og ulemper ved brugervenlighed}{section.8.1}% 77
\BOOKMARK [1][-]{section.8.2}{Konklusion}{chapter.8}% 78
\BOOKMARK [1][-]{section.8.3}{Perspektivering}{chapter.8}% 79
\BOOKMARK [0][-]{section*.55}{Litteratur}{}% 80
\BOOKMARK [0][-]{appendix.A}{Bilag}{}% 81
\BOOKMARK [1][-]{section.A.1}{Pilotfors\370g}{appendix.A}% 82
\BOOKMARK [2][-]{subsection.A.1.1}{Form\345l}{section.A.1}% 83
\BOOKMARK [2][-]{subsection.A.1.2}{Materialer}{section.A.1}% 84
\BOOKMARK [2][-]{subsection.A.1.3}{Fors\370gsopstilling}{section.A.1}% 85
\BOOKMARK [2][-]{subsection.A.1.4}{Oversigt af fors\370gsopstilling}{section.A.1}% 86
\BOOKMARK [2][-]{subsection.A.1.5}{Fremgangsm\345de}{section.A.1}% 87
\BOOKMARK [1][-]{section.A.2}{Databehandling}{appendix.A}% 88
\BOOKMARK [1][-]{section.A.3}{Test af accelerometer}{appendix.A}% 89
\BOOKMARK [2][-]{subsection.A.3.1}{Form\345l}{section.A.3}% 90
\BOOKMARK [2][-]{subsection.A.3.2}{Materialer}{section.A.3}% 91
\BOOKMARK [2][-]{subsection.A.3.3}{Metode}{section.A.3}% 92
\BOOKMARK [2][-]{subsection.A.3.4}{Fors\370gsopstilling}{section.A.3}% 93
\BOOKMARK [2][-]{subsection.A.3.5}{Fremgangsm\345de}{section.A.3}% 94
\BOOKMARK [2][-]{subsection.A.3.6}{Resultater}{section.A.3}% 95
