Loading plugins phase: Elapsed time ==> 0s.354ms
Initializing data phase: Elapsed time ==> 0s.000ms
<CYPRESSTAG name="CyDsfit arguments...">
cydsfit arguments: -.fdsnotice -.fdswarpdepfile=warp_dependencies.txt -.fdselabdepfile=elab_dependencies.txt -.fdsbldfile=generated_files.txt -p C:\Users\passw\OneDrive\Documents\PSoC\HWSW 9\HWSW 9.cydsn\HWSW 9.cyprj -d CY8C4247AZI-M485 -s C:\Users\passw\OneDrive\Documents\PSoC\HWSW 9\HWSW 9.cydsn\Generated_Source\PSoC4 -- -yv2 -q10 -ygs -o2 -v3 -.fftcfgtype=LE</CYPRESSTAG>
<CYPRESSTAG name="Design elaboration results...">
</CYPRESSTAG>
Elaboration phase: Elapsed time ==> 2s.725ms
<CYPRESSTAG name="HDL generation results...">
</CYPRESSTAG>
HDL generation phase: Elapsed time ==> 0s.121ms
<CYPRESSTAG name="Synthesis results...">

     | | | | | | |
   _________________
  -|               |-
  -|               |-
  -|               |-
  -|    CYPRESS    |-
  -|               |-
  -|               |-   Warp Verilog Synthesis Compiler: Version 6.3 IR 41
  -|               |-   Copyright (C) 1991-2001 Cypress Semiconductor
   |_______________|
     | | | | | | |

======================================================================
Compiling:  HWSW 9.v
Program  :   C:\Program Files (x86)\Cypress\PSoC Creator\3.3\PSoC Creator\warp\bin/warp.exe
Options  :    -yv2 -q10 -ygs -o2 -v3 -.fftcfgtype=LE -ya -.fftprj=C:\Users\passw\OneDrive\Documents\PSoC\HWSW 9\HWSW 9.cydsn\HWSW 9.cyprj -dcpsoc3 HWSW 9.v -verilog
======================================================================

======================================================================
Compiling:  HWSW 9.v
Program  :   C:\Program Files (x86)\Cypress\PSoC Creator\3.3\PSoC Creator\warp\bin/warp.exe
Options  :    -yv2 -q10 -ygs -o2 -v3 -.fftcfgtype=LE -ya -.fftprj=C:\Users\passw\OneDrive\Documents\PSoC\HWSW 9\HWSW 9.cydsn\HWSW 9.cyprj -dcpsoc3 HWSW 9.v -verilog
======================================================================

======================================================================
Compiling:  HWSW 9.v
Program  :   vlogfe
Options  :    -yv2 -q10 -ygs -o2 -v3 -.fftcfgtype=LE -ya -.fftprj=C:\Users\passw\OneDrive\Documents\PSoC\HWSW 9\HWSW 9.cydsn\HWSW 9.cyprj -dcpsoc3 -verilog HWSW 9.v
======================================================================

vlogfe V6.3 IR 41:  Verilog parser
Mon Apr 04 11:11:23 2016


======================================================================
Compiling:  HWSW 9.v
Program  :   vpp
Options  :    -yv2 -q10 HWSW 9.v
======================================================================

vpp V6.3 IR 41:  Verilog Pre-Processor
Mon Apr 04 11:11:23 2016

Flattening file 'C:\Program Files (x86)\Cypress\PSoC Creator\3.3\PSoC Creator\psoc\content\cyprimitives\CyPrimitives.cylib\ZeroTerminal\ZeroTerminal.v'
Flattening file 'C:\Program Files (x86)\Cypress\PSoC Creator\3.3\PSoC Creator\psoc\content\cyprimitives\CyPrimitives.cylib\cy_virtualmux_v1_0\cy_virtualmux_v1_0.v'
Flattening file 'C:\Program Files (x86)\Cypress\PSoC Creator\3.3\PSoC Creator\psoc\content\cyprimitives\CyPrimitives.cylib\or_v1_0\or_v1_0.v'
Flattening file 'C:\Program Files (x86)\Cypress\PSoC Creator\3.3\PSoC Creator\psoc\content\cyprimitives\CyPrimitives.cylib\cy_analog_virtualmux_v1_0\cy_analog_virtualmux_v1_0.v'
Flattening file 'C:\Program Files (x86)\Cypress\PSoC Creator\3.3\PSoC Creator\psoc\content\cycomponentlibrary\CyComponentLibrary.cylib\Bus_Connect_v2_20\Bus_Connect_v2_20.v'
Flattening file 'C:\Program Files (x86)\Cypress\PSoC Creator\3.3\PSoC Creator\warp\lib\common\cypress.v'
Flattening file 'C:\Program Files (x86)\Cypress\PSoC Creator\3.3\PSoC Creator\warp\lib\common\cy_psoc3_inc.v'

vpp:  No errors.

Library 'work' => directory 'lcpsoc3'
General_symbol_table
General_symbol_table
Linking 'C:\Program Files (x86)\Cypress\PSoC Creator\3.3\PSoC Creator\warp\lib\common\std.vhd'.
Linking 'C:\Program Files (x86)\Cypress\PSoC Creator\3.3\PSoC Creator\warp\lib\common\cypress.vhd'.
Linking 'C:\Program Files (x86)\Cypress\PSoC Creator\3.3\PSoC Creator\warp\lib\common\work\cypress.vif'.
Linking 'C:\Program Files (x86)\Cypress\PSoC Creator\3.3\PSoC Creator\warp\lib\ieee\work\stdlogic.vif'.
Linking 'C:\Program Files (x86)\Cypress\PSoC Creator\3.3\PSoC Creator\warp\lib\common\stdlogic\lpmpkg.vif'.
Linking 'C:\Program Files (x86)\Cypress\PSoC Creator\3.3\PSoC Creator\warp\lib\common\stdlogic\rtlpkg.vif'.
Linking 'C:\Program Files (x86)\Cypress\PSoC Creator\3.3\PSoC Creator\warp\lib\common\stdlogic\mod_cnst.vif'.
Linking 'C:\Program Files (x86)\Cypress\PSoC Creator\3.3\PSoC Creator\warp\lib\common\stdlogic\mod_mthv.vif'.
Linking 'C:\Program Files (x86)\Cypress\PSoC Creator\3.3\PSoC Creator\warp\lib\common\stdlogic\mod_genv.vif'.
Using control file 'HWSW 9.ctl'.

vlogfe:  No errors.


======================================================================
Compiling:  HWSW 9.v
Program  :   tovif
Options  :    -yv2 -q10 -ygs -o2 -v3 -.fftcfgtype=LE -ya -.fftprj=C:\Users\passw\OneDrive\Documents\PSoC\HWSW 9\HWSW 9.cydsn\HWSW 9.cyprj -dcpsoc3 -verilog HWSW 9.v
======================================================================

tovif V6.3 IR 41:  High-level synthesis
Mon Apr 04 11:11:24 2016

Linking 'C:\Program Files (x86)\Cypress\PSoC Creator\3.3\PSoC Creator\warp\lib\common\std.vhd'.
Linking 'C:\Program Files (x86)\Cypress\PSoC Creator\3.3\PSoC Creator\warp\lib\common\cypress.vhd'.
Linking 'C:\Program Files (x86)\Cypress\PSoC Creator\3.3\PSoC Creator\warp\lib\common\work\cypress.vif'.
Linking 'C:\Program Files (x86)\Cypress\PSoC Creator\3.3\PSoC Creator\warp\lib\ieee\work\stdlogic.vif'.
Linking 'C:\Program Files (x86)\Cypress\PSoC Creator\3.3\PSoC Creator\warp\lib\common\stdlogic\lpmpkg.vif'.
Linking 'C:\Program Files (x86)\Cypress\PSoC Creator\3.3\PSoC Creator\warp\lib\common\stdlogic\rtlpkg.vif'.
Linking 'C:\Program Files (x86)\Cypress\PSoC Creator\3.3\PSoC Creator\warp\lib\common\stdlogic\mod_cnst.vif'.
Linking 'C:\Program Files (x86)\Cypress\PSoC Creator\3.3\PSoC Creator\warp\lib\common\stdlogic\mod_mthv.vif'.
Linking 'C:\Program Files (x86)\Cypress\PSoC Creator\3.3\PSoC Creator\warp\lib\common\stdlogic\mod_genv.vif'.
Linking 'C:\Users\passw\OneDrive\Documents\PSoC\HWSW 9\HWSW 9.cydsn\codegentemp\HWSW 9.ctl'.
Linking 'C:\Program Files (x86)\Cypress\PSoC Creator\3.3\PSoC Creator\psoc\content\cyprimitives\CyPrimitives.cylib\ZeroTerminal\ZeroTerminal.v'.
Linking 'C:\Users\passw\OneDrive\Documents\PSoC\HWSW 9\HWSW 9.cydsn\codegentemp\HWSW 9.v'.
Linking 'C:\Program Files (x86)\Cypress\PSoC Creator\3.3\PSoC Creator\psoc\content\cyprimitives\CyPrimitives.cylib\cy_virtualmux_v1_0\cy_virtualmux_v1_0.v'.
Linking 'C:\Program Files (x86)\Cypress\PSoC Creator\3.3\PSoC Creator\psoc\content\cyprimitives\CyPrimitives.cylib\or_v1_0\or_v1_0.v'.
Linking 'C:\Program Files (x86)\Cypress\PSoC Creator\3.3\PSoC Creator\psoc\content\cyprimitives\CyPrimitives.cylib\cy_analog_virtualmux_v1_0\cy_analog_virtualmux_v1_0.v'.
Linking 'C:\Program Files (x86)\Cypress\PSoC Creator\3.3\PSoC Creator\psoc\content\cycomponentlibrary\CyComponentLibrary.cylib\Bus_Connect_v2_20\Bus_Connect_v2_20.v'.
Linking 'C:\Program Files (x86)\Cypress\PSoC Creator\3.3\PSoC Creator\warp\lib\common\cypress.v'.
Linking 'C:\Program Files (x86)\Cypress\PSoC Creator\3.3\PSoC Creator\warp\lib\common\cy_psoc3_inc.v'.

tovif:  No errors.


======================================================================
Compiling:  HWSW 9.v
Program  :   topld
Options  :    -yv2 -q10 -ygs -o2 -v3 -.fftcfgtype=LE -ya -.fftprj=C:\Users\passw\OneDrive\Documents\PSoC\HWSW 9\HWSW 9.cydsn\HWSW 9.cyprj -dcpsoc3 -verilog HWSW 9.v
======================================================================

topld V6.3 IR 41:  Synthesis and optimization
Mon Apr 04 11:11:24 2016

Linking 'C:\Program Files (x86)\Cypress\PSoC Creator\3.3\PSoC Creator\warp\lib\common\std.vhd'.
Linking 'C:\Program Files (x86)\Cypress\PSoC Creator\3.3\PSoC Creator\warp\lib\common\cypress.vhd'.
Linking 'C:\Program Files (x86)\Cypress\PSoC Creator\3.3\PSoC Creator\warp\lib\common\work\cypress.vif'.
Linking 'C:\Program Files (x86)\Cypress\PSoC Creator\3.3\PSoC Creator\warp\lib\ieee\work\stdlogic.vif'.
Linking 'C:\Program Files (x86)\Cypress\PSoC Creator\3.3\PSoC Creator\warp\lib\common\stdlogic\lpmpkg.vif'.
Linking 'C:\Program Files (x86)\Cypress\PSoC Creator\3.3\PSoC Creator\warp\lib\common\stdlogic\rtlpkg.vif'.
Linking 'C:\Program Files (x86)\Cypress\PSoC Creator\3.3\PSoC Creator\warp\lib\common\stdlogic\mod_cnst.vif'.
Linking 'C:\Program Files (x86)\Cypress\PSoC Creator\3.3\PSoC Creator\warp\lib\common\stdlogic\mod_mthv.vif'.
Linking 'C:\Program Files (x86)\Cypress\PSoC Creator\3.3\PSoC Creator\warp\lib\common\stdlogic\mod_genv.vif'.
Linking 'C:\Users\passw\OneDrive\Documents\PSoC\HWSW 9\HWSW 9.cydsn\codegentemp\HWSW 9.ctl'.
Linking 'C:\Program Files (x86)\Cypress\PSoC Creator\3.3\PSoC Creator\psoc\content\cyprimitives\CyPrimitives.cylib\ZeroTerminal\ZeroTerminal.v'.
Linking 'C:\Users\passw\OneDrive\Documents\PSoC\HWSW 9\HWSW 9.cydsn\codegentemp\HWSW 9.v'.
Linking 'C:\Program Files (x86)\Cypress\PSoC Creator\3.3\PSoC Creator\psoc\content\cyprimitives\CyPrimitives.cylib\cy_virtualmux_v1_0\cy_virtualmux_v1_0.v'.
Linking 'C:\Program Files (x86)\Cypress\PSoC Creator\3.3\PSoC Creator\psoc\content\cyprimitives\CyPrimitives.cylib\or_v1_0\or_v1_0.v'.
Linking 'C:\Program Files (x86)\Cypress\PSoC Creator\3.3\PSoC Creator\psoc\content\cyprimitives\CyPrimitives.cylib\cy_analog_virtualmux_v1_0\cy_analog_virtualmux_v1_0.v'.
Linking 'C:\Program Files (x86)\Cypress\PSoC Creator\3.3\PSoC Creator\psoc\content\cycomponentlibrary\CyComponentLibrary.cylib\Bus_Connect_v2_20\Bus_Connect_v2_20.v'.
Linking 'C:\Program Files (x86)\Cypress\PSoC Creator\3.3\PSoC Creator\warp\lib\common\cypress.v'.
Linking 'C:\Program Files (x86)\Cypress\PSoC Creator\3.3\PSoC Creator\warp\lib\common\cy_psoc3_inc.v'.
Linking 'C:\Program Files (x86)\Cypress\PSoC Creator\3.3\PSoC Creator\warp\lib\lcpsoc3\stdlogic\cpsoc3.vif'.

----------------------------------------------------------
Detecting unused logic.
----------------------------------------------------------
    User names
	\UART:Net_452\
	\UART:Net_1257\
	\UART:uncfg_rx_irq\
	\UART:Net_1099\
	\UART:Net_1258\
	\UART:Net_547\
	\UART:Net_891\
	\UART:Net_1001\
	\UART:Net_899\
	\ADC:Net_3125\
	\ADC:Net_3126\


Deleted 11 User equations/components.
Deleted 0 Synthesized equations/components.

------------------------------------------------------
Alias Detection
------------------------------------------------------
Aliasing \UART:Net_1194\ to \UART:Net_459\
Aliasing \UART:Net_1195\ to \UART:Net_459\
Aliasing \UART:Net_1196\ to \UART:Net_459\
Aliasing zero to \UART:Net_459\
Aliasing one to \UART:tmpOE__tx_net_0\
Aliasing \UART:tmpOE__rx_net_0\ to \UART:tmpOE__tx_net_0\
Aliasing \UART:Net_747\ to \UART:Net_459\
Aliasing \ADC:Net_3107\ to \UART:Net_459\
Aliasing \ADC:Net_3106\ to \UART:Net_459\
Aliasing \ADC:Net_3105\ to \UART:Net_459\
Aliasing \ADC:Net_3104\ to \UART:Net_459\
Aliasing \ADC:Net_3103\ to \UART:Net_459\
Aliasing \ADC:tmpOE__ExtVref_net_0\ to \UART:tmpOE__tx_net_0\
Aliasing \ADC:Net_3207_1\ to \UART:Net_459\
Aliasing \ADC:Net_3207_0\ to \UART:Net_459\
Aliasing \ADC:Net_3235\ to \UART:Net_459\
Aliasing tmpOE__X_net_0 to \UART:tmpOE__tx_net_0\
Aliasing tmpOE__Y_net_0 to \UART:tmpOE__tx_net_0\
Aliasing tmpOE__Z_net_0 to \UART:tmpOE__tx_net_0\
Removing Lhs of wire \UART:Net_652\[3] = \UART:Net_459\[2]
Removing Lhs of wire \UART:Net_1194\[5] = \UART:Net_459\[2]
Removing Lhs of wire \UART:Net_1195\[6] = \UART:Net_459\[2]
Removing Lhs of wire \UART:Net_1196\[7] = \UART:Net_459\[2]
Removing Rhs of wire \UART:Net_654\[8] = \UART:Net_1197\[9]
Removing Lhs of wire \UART:Net_1170\[12] = \UART:Net_847\[1]
Removing Lhs of wire \UART:Net_990\[13] = \UART:Net_459\[2]
Removing Lhs of wire \UART:Net_909\[14] = \UART:Net_459\[2]
Removing Lhs of wire \UART:Net_663\[15] = \UART:Net_459\[2]
Removing Rhs of wire zero[22] = \UART:Net_459\[2]
Removing Rhs of wire one[23] = \UART:tmpOE__tx_net_0\[17]
Removing Lhs of wire \UART:tmpOE__rx_net_0\[28] = one[23]
Removing Lhs of wire \UART:Net_1175\[32] = zero[22]
Removing Lhs of wire \UART:Net_747\[33] = zero[22]
Removing Lhs of wire \ADC:Net_3107\[133] = zero[22]
Removing Lhs of wire \ADC:Net_3106\[134] = zero[22]
Removing Lhs of wire \ADC:Net_3105\[135] = zero[22]
Removing Lhs of wire \ADC:Net_3104\[136] = zero[22]
Removing Lhs of wire \ADC:Net_3103\[137] = zero[22]
Removing Lhs of wire \ADC:tmpOE__ExtVref_net_0\[139] = one[23]
Removing Lhs of wire \ADC:Net_17\[190] = \ADC:Net_1845\[59]
Removing Lhs of wire \ADC:Net_3207_1\[212] = zero[22]
Removing Lhs of wire \ADC:Net_3207_0\[213] = zero[22]
Removing Lhs of wire \ADC:Net_3235\[214] = zero[22]
Removing Lhs of wire tmpOE__X_net_0[283] = one[23]
Removing Lhs of wire tmpOE__Y_net_0[289] = one[23]
Removing Lhs of wire tmpOE__Z_net_0[295] = one[23]

------------------------------------------------------
Aliased 0 equations, 27 wires.
------------------------------------------------------

----------------------------------------------------------
Circuit simplification
----------------------------------------------------------

Substituting virtuals - pass 1:


----------------------------------------------------------
Circuit simplification results:

	Expanded 0 signals.
	Turned 0 signals into soft nodes.
	Maximum default expansion cost was set at 3.
----------------------------------------------------------

topld:  No errors.

CYPRESS_DIR    : C:\Program Files (x86)\Cypress\PSoC Creator\3.3\PSoC Creator\warp
Warp Program   : C:\Program Files (x86)\Cypress\PSoC Creator\3.3\PSoC Creator\warp\bin/warp.exe
Warp Arguments : -yv2 -q10 -ygs -o2 -v3 -.fftcfgtype=LE -ya "-.fftprj=C:\Users\passw\OneDrive\Documents\PSoC\HWSW 9\HWSW 9.cydsn\HWSW 9.cyprj" -dcpsoc3 "HWSW 9.v" -verilog
</CYPRESSTAG>
Warp synthesis phase: Elapsed time ==> 0s.527ms
<CYPRESSTAG name="Fitter results...">
<CYPRESSTAG name="Fitter startup details...">
cyp3fit: V3.3.0.7343, Family: PSoC3, Started at: Monday, 04 April 2016 11:11:24
Options: -yv2 -q10 -ygs -o2 -v3 -.fftcfgtype=LE -ya -.fftprj=C:\Users\passw\OneDrive\Documents\PSoC\HWSW 9\HWSW 9.cydsn\HWSW 9.cyprj -d CY8C4247AZI-M485 HWSW 9.v -verilog
</CYPRESSTAG>
<CYPRESSTAG name="Design parsing">
Design parsing phase: Elapsed time ==> 0s.080ms
</CYPRESSTAG>
<CYPRESSTAG name="Tech mapping">
<CYPRESSTAG name="Initial Mapping" icon="FILE_RPT_TECHM">
Info: mpr.M0053: Information from the design wide resources Pin Editor has overridden the control file entry for "\UART:tx(0)\". (App=cydsfit)
Info: mpr.M0053: Information from the design wide resources Pin Editor has overridden the control file entry for "\UART:rx(0)\". (App=cydsfit)
<CYPRESSTAG name="Global Clock Selection" icon="FILE_RPT_TECHM">
    Fixed Function Clock 2: Automatic-assigning  clock 'UART_SCBCLK'. Signal=\UART:Net_847_ff2\
    Fixed Function Clock 10: Automatic-assigning  clock 'ADC_intClock'. Signal=\ADC:Net_1845_ff10\
<CYPRESSTAG name="UDB Clock/Enable Remapping Results">
</CYPRESSTAG>
</CYPRESSTAG>
ADD: pft.M0040: information: The following 1 pin(s) will be assigned a location by the fitter: \ADC:ExtVref(0)\


Removing unused cells resulting from optimization
Done removing unused cells.
<CYPRESSTAG name="Duplicate Macrocell detection">
</CYPRESSTAG>
</CYPRESSTAG>
<CYPRESSTAG name="Duplicate Macrocell detection">
</CYPRESSTAG>
<CYPRESSTAG name="Design Equations" icon="FILE_RPT_EQUATION">

------------------------------------------------------------
Design Equations
------------------------------------------------------------
    <CYPRESSTAG name="Pin listing">

    ------------------------------------------------------------
    Pin listing
    ------------------------------------------------------------

    Pin : Name = \UART:tx(0)\
        Attributes:
            In Group/Port: True
            In Sync Option: NOSYNC
            Out Sync Option: NOSYNC
            Interrupt generated: False
            Interrupt mode: NONE
            Drive mode: CMOS_OUT
            VTrip: CMOS
            Slew: FAST
            Input Sync needed: False
            Output Sync needed: False
            SC shield enabled: False
            POR State: ANY
            LCD Mode: COMMON
            Register Mode: RegComb
            CaSense Mode: NEITHER
            Treat as pin: True
            Is OE Registered: False
            Uses Analog: False
            Can contain Digital: True
            Is SIO: False
            SIO Output Buf: NONREGULATED
            SIO Input Buf: SINGLE_ENDED
            SIO HiFreq: LOW
            SIO Hyst: DISABLED
            SIO Vtrip: MULTIPLIER_0_5
            SIO Multiplier Index: 0
            SIO RefSel: VCC_IO
            Required Capabilitites: DIGITAL
            Initial Value: 1
            IO Voltage: 0
        PORT MAP (
            pa_out => \UART:tx(0)\__PA ,
            input => \UART:Net_1062\ ,
            pad => \UART:tx(0)_PAD\ );
        Properties:
        {
            port_location = "PORT(7,1)"
        }

    Pin : Name = \UART:rx(0)\
        Attributes:
            In Group/Port: True
            In Sync Option: NOSYNC
            Out Sync Option: AUTO
            Interrupt generated: False
            Interrupt mode: NONE
            Drive mode: HI_Z_DIGITAL
            VTrip: CMOS
            Slew: FAST
            Input Sync needed: False
            Output Sync needed: False
            SC shield enabled: False
            POR State: ANY
            LCD Mode: COMMON
            Register Mode: RegComb
            CaSense Mode: NEITHER
            Treat as pin: True
            Is OE Registered: False
            Uses Analog: False
            Can contain Digital: True
            Is SIO: False
            SIO Output Buf: NONREGULATED
            SIO Input Buf: SINGLE_ENDED
            SIO HiFreq: LOW
            SIO Hyst: DISABLED
            SIO Vtrip: MULTIPLIER_0_5
            SIO Multiplier Index: 0
            SIO RefSel: VCC_IO
            Required Capabilitites: DIGITAL
            Initial Value: 0
            IO Voltage: 0
        PORT MAP (
            pa_out => \UART:rx(0)\__PA ,
            fb => \UART:Net_654\ ,
            pad => \UART:rx(0)_PAD\ );
        Properties:
        {
            port_location = "PORT(7,0)"
        }

    Pin : Name = \ADC:ExtVref(0)\
        Attributes:
            In Group/Port: True
            In Sync Option: AUTO
            Out Sync Option: AUTO
            Interrupt generated: False
            Interrupt mode: NONE
            Drive mode: HI_Z_ANALOG
            VTrip: EITHER
            Slew: FAST
            Input Sync needed: False
            Output Sync needed: False
            SC shield enabled: False
            POR State: ANY
            LCD Mode: COMMON
            Register Mode: RegComb
            CaSense Mode: NEITHER
            Treat as pin: True
            Is OE Registered: False
            Uses Analog: True
            Can contain Digital: False
            Is SIO: False
            SIO Output Buf: NONREGULATED
            SIO Input Buf: SINGLE_ENDED
            SIO HiFreq: LOW
            SIO Hyst: DISABLED
            SIO Vtrip: MULTIPLIER_0_5
            SIO Multiplier Index: 0
            SIO RefSel: VCC_IO
            Required Capabilitites: ANALOG
            Initial Value: 1
            IO Voltage: 0
        PORT MAP (
            pa_out => \ADC:ExtVref(0)\__PA ,
            analog_term => \ADC:Net_3226\ ,
            pad => \ADC:ExtVref(0)_PAD\ );

    Pin : Name = X(0)
        Attributes:
            In Group/Port: True
            In Sync Option: AUTO
            Out Sync Option: AUTO
            Interrupt generated: False
            Interrupt mode: NONE
            Drive mode: HI_Z_ANALOG
            VTrip: EITHER
            Slew: FAST
            Input Sync needed: False
            Output Sync needed: False
            SC shield enabled: False
            POR State: ANY
            LCD Mode: COMMON
            Register Mode: RegComb
            CaSense Mode: NEITHER
            Treat as pin: True
            Is OE Registered: False
            Uses Analog: True
            Can contain Digital: False
            Is SIO: False
            SIO Output Buf: NONREGULATED
            SIO Input Buf: SINGLE_ENDED
            SIO HiFreq: LOW
            SIO Hyst: DISABLED
            SIO Vtrip: MULTIPLIER_0_5
            SIO Multiplier Index: 0
            SIO RefSel: VCC_IO
            Required Capabilitites: ANALOG
            Initial Value: 1
            IO Voltage: 0
        PORT MAP (
            pa_out => X(0)__PA ,
            analog_term => Net_258 ,
            pad => X(0)_PAD );
        Properties:
        {
        }

    Pin : Name = Y(0)
        Attributes:
            In Group/Port: True
            In Sync Option: AUTO
            Out Sync Option: AUTO
            Interrupt generated: False
            Interrupt mode: NONE
            Drive mode: HI_Z_ANALOG
            VTrip: EITHER
            Slew: FAST
            Input Sync needed: False
            Output Sync needed: False
            SC shield enabled: False
            POR State: ANY
            LCD Mode: COMMON
            Register Mode: RegComb
            CaSense Mode: NEITHER
            Treat as pin: True
            Is OE Registered: False
            Uses Analog: True
            Can contain Digital: False
            Is SIO: False
            SIO Output Buf: NONREGULATED
            SIO Input Buf: SINGLE_ENDED
            SIO HiFreq: LOW
            SIO Hyst: DISABLED
            SIO Vtrip: MULTIPLIER_0_5
            SIO Multiplier Index: 0
            SIO RefSel: VCC_IO
            Required Capabilitites: ANALOG
            Initial Value: 1
            IO Voltage: 0
        PORT MAP (
            pa_out => Y(0)__PA ,
            analog_term => Net_157 ,
            pad => Y(0)_PAD );
        Properties:
        {
        }

    Pin : Name = Z(0)
        Attributes:
            In Group/Port: True
            In Sync Option: AUTO
            Out Sync Option: AUTO
            Interrupt generated: False
            Interrupt mode: NONE
            Drive mode: HI_Z_ANALOG
            VTrip: EITHER
            Slew: FAST
            Input Sync needed: False
            Output Sync needed: False
            SC shield enabled: False
            POR State: ANY
            LCD Mode: COMMON
            Register Mode: RegComb
            CaSense Mode: NEITHER
            Treat as pin: True
            Is OE Registered: False
            Uses Analog: True
            Can contain Digital: False
            Is SIO: False
            SIO Output Buf: NONREGULATED
            SIO Input Buf: SINGLE_ENDED
            SIO HiFreq: LOW
            SIO Hyst: DISABLED
            SIO Vtrip: MULTIPLIER_0_5
            SIO Multiplier Index: 0
            SIO RefSel: VCC_IO
            Required Capabilitites: ANALOG
            Initial Value: 1
            IO Voltage: 0
        PORT MAP (
            pa_out => Z(0)__PA ,
            analog_term => Net_271 ,
            pad => Z(0)_PAD );
        Properties:
        {
        }
    </CYPRESSTAG>
    <CYPRESSTAG name="Macrocell listing" icon="FILE_RPT_EQUATION">
    </CYPRESSTAG>
    <CYPRESSTAG name="Datapath listing">
    </CYPRESSTAG>
    <CYPRESSTAG name="Status register listing">
    </CYPRESSTAG>
    <CYPRESSTAG name="StatusI register listing">
    </CYPRESSTAG>
    <CYPRESSTAG name="Sync listing">
    </CYPRESSTAG>
    <CYPRESSTAG name="Control register listing">
    </CYPRESSTAG>
    <CYPRESSTAG name="Count7 listing">
    </CYPRESSTAG>
    <CYPRESSTAG name="DRQ listing">
    </CYPRESSTAG>
    <CYPRESSTAG name="Interrupt listing">

    ------------------------------------------------------------
    Interrupt listing
    ------------------------------------------------------------

    interrupt: Name =\ADC:IRQ\
        PORT MAP (
            interrupt => \ADC:Net_3112\ );
        Properties:
        {
            int_type = "10"
        }
    </CYPRESSTAG>
</CYPRESSTAG>
<CYPRESSTAG name="Technology mapping summary" expanded>

------------------------------------------------------------
Technology mapping summary
------------------------------------------------------------

Resource Type                 : Used : Free :  Max :  % Used
============================================================
Digital Clocks                :    0 :    4 :    4 :  0.00 %
Interrupts                    :    1 :   31 :   32 :  3.13 %
IO                            :    8 :   43 :   51 : 15.69 %
Segment LCD                   :    0 :    1 :    1 :  0.00 %
CapSense                      :    0 :    2 :    2 :  0.00 %
Die Temp                      :    0 :    1 :    1 :  0.00 %
CAN 2.0b                      :    0 :    2 :    2 :  0.00 %
Serial Communication (SCB)    :    1 :    3 :    4 : 25.00 %
DMA Channels                  :    0 :    8 :    8 :  0.00 %
Timer/Counter/PWM             :    0 :    8 :    8 :  0.00 %
UDB                           :      :      :      :        
  Macrocells                  :    0 :   32 :   32 :  0.00 %
  Unique P-terms              :    0 :   64 :   64 :  0.00 %
  Total P-terms               :    0 :      :      :        
  Datapath Cells              :    0 :    4 :    4 :  0.00 %
  Status Cells                :    0 :    4 :    4 :  0.00 %
  Control Cells               :    0 :    4 :    4 :  0.00 %
Comparator/Opamp              :    0 :    4 :    4 :  0.00 %
LP Comparator                 :    0 :    2 :    2 :  0.00 %
SAR ADC                       :    1 :    0 :    1 : 100.00 %
DAC                           :      :      :      :        
  7-bit IDAC                  :    0 :    2 :    2 :  0.00 %
  8-bit IDAC                  :    0 :    2 :    2 :  0.00 %
</CYPRESSTAG>
Technology Mapping: Elapsed time ==> 0s.201ms
Tech mapping phase: Elapsed time ==> 0s.336ms
</CYPRESSTAG>
<CYPRESSTAG name="Analog Placement">
<CYPRESSTAG name="Analog Placement">
Elapsed time ==> 0.4120573s
</CYPRESSTAG>
Analog Placement phase: Elapsed time ==> 0s.709ms
</CYPRESSTAG>
<CYPRESSTAG name="Analog Routing">
<CYPRESSTAG name="Analog Routing">
Route success=True, Iterations=1 Elapsed=0.0556018 secs
</CYPRESSTAG>
Analog Routing phase: Elapsed time ==> 0s.063ms
</CYPRESSTAG>
<CYPRESSTAG name="Analog Code Generation">
============ Analog Final Answer Routes ============
Dump of CyAnalogRoutingResultsDB
Map of net to items {
  Net: Net_157 {
    p2_1
  }
  Net: Net_258 {
    p2_0
  }
  Net: Net_271 {
    p2_2
  }
  Net: \ADC:Net_1851\ {
  }
  Net: \ADC:Net_3113\ {
  }
  Net: \ADC:Net_3226\ {
    p1_7
  }
  Net: \ADC:mux_bus_minus_0\ {
  }
  Net: \ADC:mux_bus_minus_1\ {
  }
  Net: \ADC:mux_bus_minus_2\ {
  }
  Net: \ADC:mux_bus_minus_3\ {
  }
  Net: \ADC:mux_bus_plus_3\ {
  }
  Net: \ADC:muxout_plus\ {
    PASS0_sarmux_vplus
  }
  Net: AMuxNet::\ADC:cy_psoc4_sarmux_8\_CYAMUXSIDE_A {
    PASS0_SARMUX0_sw0
    PASS0_SARMUX0_sw1
    PASS0_SARMUX0_sw2
  }
  Net: \ADC:muxout_minus\ {
    PASS0_sarmux_vminus
  }
  Net: AMuxNet::\ADC:cy_psoc4_sarmux_8\_CYAMUXSIDE_B {
  }
}
Map of item to net {
  p2_1                                             -> Net_157
  p2_0                                             -> Net_258
  p2_2                                             -> Net_271
  p1_7                                             -> \ADC:Net_3226\
  PASS0_sarmux_vplus                               -> \ADC:muxout_plus\
  PASS0_SARMUX0_sw0                                -> AMuxNet::\ADC:cy_psoc4_sarmux_8\_CYAMUXSIDE_A
  PASS0_SARMUX0_sw1                                -> AMuxNet::\ADC:cy_psoc4_sarmux_8\_CYAMUXSIDE_A
  PASS0_SARMUX0_sw2                                -> AMuxNet::\ADC:cy_psoc4_sarmux_8\_CYAMUXSIDE_A
  PASS0_sarmux_vminus                              -> \ADC:muxout_minus\
}
Mux Info {
  Mux: \ADC:cy_psoc4_sarmux_8\_CYAMUXSIDE_A {
     Mouth: \ADC:muxout_plus\
     Guts:  AMuxNet::\ADC:cy_psoc4_sarmux_8\_CYAMUXSIDE_A
     IsSingleSwitching: False
     IsStaticSwitching: False
     IsAtMostOneSwitch: True
    Arm: 0 {
      Net:   Net_258
      Outer: PASS0_SARMUX0_sw0
      Inner: __open__
      Path {
        PASS0_SARMUX0_sw0
        p2_0
      }
    }
    Arm: 1 {
      Net:   Net_157
      Outer: PASS0_SARMUX0_sw1
      Inner: __open__
      Path {
        PASS0_SARMUX0_sw1
        p2_1
      }
    }
    Arm: 2 {
      Net:   Net_271
      Outer: PASS0_SARMUX0_sw2
      Inner: __open__
      Path {
        PASS0_SARMUX0_sw2
        p2_2
      }
    }
  }
  Mux: \ADC:cy_psoc4_sarmux_8\_CYAMUXSIDE_B {
     Mouth: \ADC:muxout_minus\
     Guts:  AMuxNet::\ADC:cy_psoc4_sarmux_8\_CYAMUXSIDE_B
     IsSingleSwitching: False
     IsStaticSwitching: False
     IsAtMostOneSwitch: True
    Arm: 0 {
      Net:   \ADC:Net_1851\
      Outer: __open__
      Inner: __open__
      Path {
      }
    }
    Arm: 1 {
      Net:   \ADC:Net_1851\
      Outer: __open__
      Inner: __open__
      Path {
      }
    }
    Arm: 2 {
      Net:   \ADC:Net_1851\
      Outer: __open__
      Inner: __open__
      Path {
      }
    }
  }
}
Analog Code Generation phase: Elapsed time ==> 0s.073ms
</CYPRESSTAG>
<CYPRESSTAG name="Digital Placement">
<CYPRESSTAG name="Detailed placement messages">
I2659: No Constrained paths were found. The placer will run in non-timing driven mode.
I2076: Total run-time: 0.2 sec.

</CYPRESSTAG>
<CYPRESSTAG name="PLD Packing">
<CYPRESSTAG name="PLD Packing Summary">
No PLDs were packed.
</CYPRESSTAG>
PLD Packing: Elapsed time ==> 0s.014ms
</CYPRESSTAG>
<CYPRESSTAG name="Partitioning">
<CYPRESSTAG name="Initial Partitioning Summary">
Initial Partitioning Summary not displayed at this verbose level.</CYPRESSTAG>
<CYPRESSTAG name="Final Partitioning Summary">
Final Partitioning Summary not displayed at this verbose level.</CYPRESSTAG>
Partitioning: Elapsed time ==> 0s.069ms
</CYPRESSTAG>
<CYPRESSTAG name="Simulated Annealing">
Annealing: Elapsed time ==> 0s.027ms
<CYPRESSTAG name="Simulated Annealing Results">
The seed used for moves was 114161200.
Inital cost was 14, final cost is 14 (0.00% improvement).</CYPRESSTAG>
</CYPRESSTAG>
<CYPRESSTAG name="Final Placement Summary">

------------------------------------------------------------
Final Placement Summary
------------------------------------------------------------

       Resource Type :      Count : Avg Inputs : Avg Outputs
    ========================================================
                 UDB :          0 :       0.00 :       0.00
<CYPRESSTAG name="Final Placement Details">
<CYPRESSTAG name="Component Details">

------------------------------------------------------------
Component Placement Details
------------------------------------------------------------
UDB [UDB=(0,0)] is empty.
UDB [UDB=(0,1)] is empty.
UDB [UDB=(1,0)] is empty.
UDB [UDB=(1,1)] is empty.
Intr container @ [IntrContainer=(0)]: 
  Intr@ [IntrContainer=(0)][IntrId=(16)] 
    interrupt: Name =\ADC:IRQ\
        PORT MAP (
            interrupt => \ADC:Net_3112\ );
        Properties:
        {
            int_type = "10"
        }
Drq container @ [DrqContainer=(0)]: empty
Port 0 is empty
Port 1 contains the following IO cells:
[IoId=7]: 
Pin : Name = \ADC:ExtVref(0)\
    Attributes:
        In Group/Port: True
        In Sync Option: AUTO
        Out Sync Option: AUTO
        Interrupt generated: False
        Interrupt mode: NONE
        Drive mode: HI_Z_ANALOG
        VTrip: EITHER
        Slew: FAST
        Input Sync needed: False
        Output Sync needed: False
        SC shield enabled: False
        POR State: ANY
        LCD Mode: COMMON
        Register Mode: RegComb
        CaSense Mode: NEITHER
        Treat as pin: True
        Is OE Registered: False
        Uses Analog: True
        Can contain Digital: False
        Is SIO: False
        SIO Output Buf: NONREGULATED
        SIO Input Buf: SINGLE_ENDED
        SIO HiFreq: LOW
        SIO Hyst: DISABLED
        SIO Vtrip: MULTIPLIER_0_5
        SIO Multiplier Index: 0
        SIO RefSel: VCC_IO
        Required Capabilitites: ANALOG
        Initial Value: 1
        IO Voltage: 0
    PORT MAP (
        pa_out => \ADC:ExtVref(0)\__PA ,
        analog_term => \ADC:Net_3226\ ,
        pad => \ADC:ExtVref(0)_PAD\ );
    Properties:
    {
    }

Port 2 contains the following IO cells:
[IoId=0]: 
Pin : Name = X(0)
    Attributes:
        In Group/Port: True
        In Sync Option: AUTO
        Out Sync Option: AUTO
        Interrupt generated: False
        Interrupt mode: NONE
        Drive mode: HI_Z_ANALOG
        VTrip: EITHER
        Slew: FAST
        Input Sync needed: False
        Output Sync needed: False
        SC shield enabled: False
        POR State: ANY
        LCD Mode: COMMON
        Register Mode: RegComb
        CaSense Mode: NEITHER
        Treat as pin: True
        Is OE Registered: False
        Uses Analog: True
        Can contain Digital: False
        Is SIO: False
        SIO Output Buf: NONREGULATED
        SIO Input Buf: SINGLE_ENDED
        SIO HiFreq: LOW
        SIO Hyst: DISABLED
        SIO Vtrip: MULTIPLIER_0_5
        SIO Multiplier Index: 0
        SIO RefSel: VCC_IO
        Required Capabilitites: ANALOG
        Initial Value: 1
        IO Voltage: 0
    PORT MAP (
        pa_out => X(0)__PA ,
        analog_term => Net_258 ,
        pad => X(0)_PAD );
    Properties:
    {
    }

[IoId=1]: 
Pin : Name = Y(0)
    Attributes:
        In Group/Port: True
        In Sync Option: AUTO
        Out Sync Option: AUTO
        Interrupt generated: False
        Interrupt mode: NONE
        Drive mode: HI_Z_ANALOG
        VTrip: EITHER
        Slew: FAST
        Input Sync needed: False
        Output Sync needed: False
        SC shield enabled: False
        POR State: ANY
        LCD Mode: COMMON
        Register Mode: RegComb
        CaSense Mode: NEITHER
        Treat as pin: True
        Is OE Registered: False
        Uses Analog: True
        Can contain Digital: False
        Is SIO: False
        SIO Output Buf: NONREGULATED
        SIO Input Buf: SINGLE_ENDED
        SIO HiFreq: LOW
        SIO Hyst: DISABLED
        SIO Vtrip: MULTIPLIER_0_5
        SIO Multiplier Index: 0
        SIO RefSel: VCC_IO
        Required Capabilitites: ANALOG
        Initial Value: 1
        IO Voltage: 0
    PORT MAP (
        pa_out => Y(0)__PA ,
        analog_term => Net_157 ,
        pad => Y(0)_PAD );
    Properties:
    {
    }

[IoId=2]: 
Pin : Name = Z(0)
    Attributes:
        In Group/Port: True
        In Sync Option: AUTO
        Out Sync Option: AUTO
        Interrupt generated: False
        Interrupt mode: NONE
        Drive mode: HI_Z_ANALOG
        VTrip: EITHER
        Slew: FAST
        Input Sync needed: False
        Output Sync needed: False
        SC shield enabled: False
        POR State: ANY
        LCD Mode: COMMON
        Register Mode: RegComb
        CaSense Mode: NEITHER
        Treat as pin: True
        Is OE Registered: False
        Uses Analog: True
        Can contain Digital: False
        Is SIO: False
        SIO Output Buf: NONREGULATED
        SIO Input Buf: SINGLE_ENDED
        SIO HiFreq: LOW
        SIO Hyst: DISABLED
        SIO Vtrip: MULTIPLIER_0_5
        SIO Multiplier Index: 0
        SIO RefSel: VCC_IO
        Required Capabilitites: ANALOG
        Initial Value: 1
        IO Voltage: 0
    PORT MAP (
        pa_out => Z(0)__PA ,
        analog_term => Net_271 ,
        pad => Z(0)_PAD );
    Properties:
    {
    }

Port 3 is empty
Port 4 is empty
Port 5 is empty
Port 6 is empty
Port 7 contains the following IO cells:
[IoId=0]: 
Pin : Name = \UART:rx(0)\
    Attributes:
        In Group/Port: True
        In Sync Option: NOSYNC
        Out Sync Option: AUTO
        Interrupt generated: False
        Interrupt mode: NONE
        Drive mode: HI_Z_DIGITAL
        VTrip: CMOS
        Slew: FAST
        Input Sync needed: False
        Output Sync needed: False
        SC shield enabled: False
        POR State: ANY
        LCD Mode: COMMON
        Register Mode: RegComb
        CaSense Mode: NEITHER
        Treat as pin: True
        Is OE Registered: False
        Uses Analog: False
        Can contain Digital: True
        Is SIO: False
        SIO Output Buf: NONREGULATED
        SIO Input Buf: SINGLE_ENDED
        SIO HiFreq: LOW
        SIO Hyst: DISABLED
        SIO Vtrip: MULTIPLIER_0_5
        SIO Multiplier Index: 0
        SIO RefSel: VCC_IO
        Required Capabilitites: DIGITAL
        Initial Value: 0
        IO Voltage: 0
    PORT MAP (
        pa_out => \UART:rx(0)\__PA ,
        fb => \UART:Net_654\ ,
        pad => \UART:rx(0)_PAD\ );
    Properties:
    {
        port_location = "PORT(7,0)"
    }

[IoId=1]: 
Pin : Name = \UART:tx(0)\
    Attributes:
        In Group/Port: True
        In Sync Option: NOSYNC
        Out Sync Option: NOSYNC
        Interrupt generated: False
        Interrupt mode: NONE
        Drive mode: CMOS_OUT
        VTrip: CMOS
        Slew: FAST
        Input Sync needed: False
        Output Sync needed: False
        SC shield enabled: False
        POR State: ANY
        LCD Mode: COMMON
        Register Mode: RegComb
        CaSense Mode: NEITHER
        Treat as pin: True
        Is OE Registered: False
        Uses Analog: False
        Can contain Digital: True
        Is SIO: False
        SIO Output Buf: NONREGULATED
        SIO Input Buf: SINGLE_ENDED
        SIO HiFreq: LOW
        SIO Hyst: DISABLED
        SIO Vtrip: MULTIPLIER_0_5
        SIO Multiplier Index: 0
        SIO RefSel: VCC_IO
        Required Capabilitites: DIGITAL
        Initial Value: 1
        IO Voltage: 0
    PORT MAP (
        pa_out => \UART:tx(0)\__PA ,
        input => \UART:Net_1062\ ,
        pad => \UART:tx(0)_PAD\ );
    Properties:
    {
        port_location = "PORT(7,1)"
    }

CAN 2.0b group 0: empty
Clock group 0: 
    M0S8 Clock Block @ F(Clock,0): 
    m0s8clockblockcell: Name =ClockBlock
        PORT MAP (
            hfclk => ClockBlock_HFCLK ,
            imo => ClockBlock_IMO ,
            ext => ClockBlock_EXTCLK ,
            sysclk => ClockBlock_SYSCLK ,
            ilo => ClockBlock_ILO ,
            lfclk => ClockBlock_LFCLK ,
            wco => ClockBlock_WCO ,
            dsi_in_0 => ClockBlock_Routed1 ,
            ff_div_2 => \UART:Net_847_ff2\ ,
            ff_div_10 => \ADC:Net_1845_ff10\ );
        Properties:
        {
        }
PM group 0: empty
SPC group 0: empty
WDT group 0: empty
FSS group 0: empty
LP Comparator group 0: empty
Serial Communication (SCB) group 0: 
    SCB Block @ F(SCB,3): 
    m0s8scbcell: Name =\UART:SCB\
        PORT MAP (
            clock => \UART:Net_847_ff2\ ,
            interrupt => Net_70 ,
            rx => \UART:Net_654\ ,
            tx => \UART:Net_1062\ ,
            rts => \UART:Net_1053\ ,
            mosi_m => \UART:Net_1061\ ,
            select_m_3 => \UART:ss_3\ ,
            select_m_2 => \UART:ss_2\ ,
            select_m_1 => \UART:ss_1\ ,
            select_m_0 => \UART:ss_0\ ,
            sclk_m => \UART:Net_1059\ ,
            miso_s => \UART:Net_1055\ ,
            tx_req => Net_73 ,
            rx_req => Net_72 );
        Properties:
        {
            cy_registers = ""
            scb_mode = 2
        }
CapSense group 0: empty
8-bit IDAC group 0: empty
7-bit IDAC group 0: empty
Timer/Counter/PWM group 0: empty
Comparator/Opamp group 0: empty
Die Temp group 0: empty
SAR ADC group 0: 
    PSoC4 SAR ADC @ F(SARADC,0): 
    p4sarcell: Name =\ADC:cy_psoc4_sar\
        PORT MAP (
            vplus => \ADC:muxout_plus\ ,
            vminus => \ADC:muxout_minus\ ,
            vref => \ADC:Net_3113\ ,
            ext_vref => \ADC:Net_3226\ ,
            clock => \ADC:Net_1845_ff10\ ,
            sample_done => Net_230 ,
            chan_id_valid => \ADC:Net_3108\ ,
            chan_id_3 => \ADC:Net_3109_3\ ,
            chan_id_2 => \ADC:Net_3109_2\ ,
            chan_id_1 => \ADC:Net_3109_1\ ,
            chan_id_0 => \ADC:Net_3109_0\ ,
            data_valid => \ADC:Net_3110\ ,
            data_11 => \ADC:Net_3111_11\ ,
            data_10 => \ADC:Net_3111_10\ ,
            data_9 => \ADC:Net_3111_9\ ,
            data_8 => \ADC:Net_3111_8\ ,
            data_7 => \ADC:Net_3111_7\ ,
            data_6 => \ADC:Net_3111_6\ ,
            data_5 => \ADC:Net_3111_5\ ,
            data_4 => \ADC:Net_3111_4\ ,
            data_3 => \ADC:Net_3111_3\ ,
            data_2 => \ADC:Net_3111_2\ ,
            data_1 => \ADC:Net_3111_1\ ,
            data_0 => \ADC:Net_3111_0\ ,
            tr_sar_out => Net_231 ,
            irq => \ADC:Net_3112\ );
        Properties:
        {
            cy_registers = ""
        }
Segment LCD group 0: empty
CLK_GEN group 0: 
    M0S8 Clock Gen Block @ F(CLK_GEN,0): 
    m0s8clockgenblockcell: Name =ClockGenBlock
        PORT MAP (
             );
        Properties:
        {
        }
LPCOMPBLOCK group 0: empty
PASSBLOCK group 0: empty
ANAPUMP group 0: empty
GANGED_PICU group 0: empty
M0S8DMAC group 0: empty

Blocks not positioned by the digital component placer:
    PSoC4 SAR Muxes @ <No Location>: 
    p4sarmuxcell: Name =\ADC:cy_psoc4_sarmux_8\
        PORT MAP (
            muxin_plus_2 => Net_271 ,
            muxin_plus_1 => Net_157 ,
            muxin_plus_0 => Net_258 ,
            muxin_minus_2 => \ADC:mux_bus_minus_2\ ,
            muxin_minus_1 => \ADC:mux_bus_minus_1\ ,
            muxin_minus_0 => \ADC:mux_bus_minus_0\ ,
            cmn_neg => \ADC:Net_1851\ ,
            vout_plus => \ADC:muxout_plus\ ,
            vout_minus => \ADC:muxout_minus\ );
        Properties:
        {
            cy_registers = ""
            input_mode = "000"
            muxin_width = 3
        }
</CYPRESSTAG>
<CYPRESSTAG name="Port Configuration Details">

------------------------------------------------------------
Port Configuration report
------------------------------------------------------------
     |     |       | Interrupt |                  |                  | 
Port | Pin | Fixed |      Type |       Drive Mode |             Name | Connections
-----+-----+-------+-----------+------------------+------------------+-----------------------
   1 |   7 |       |      NONE |      HI_Z_ANALOG | \ADC:ExtVref(0)\ | Analog(\ADC:Net_3226\)
-----+-----+-------+-----------+------------------+------------------+-----------------------
   2 |   0 |     * |      NONE |      HI_Z_ANALOG |             X(0) | Analog(Net_258)
     |   1 |     * |      NONE |      HI_Z_ANALOG |             Y(0) | Analog(Net_157)
     |   2 |     * |      NONE |      HI_Z_ANALOG |             Z(0) | Analog(Net_271)
-----+-----+-------+-----------+------------------+------------------+-----------------------
   7 |   0 |     * |      NONE |     HI_Z_DIGITAL |     \UART:rx(0)\ | FB(\UART:Net_654\)
     |   1 |     * |      NONE |         CMOS_OUT |     \UART:tx(0)\ | In(\UART:Net_1062\)
---------------------------------------------------------------------------------------------
</CYPRESSTAG>
</CYPRESSTAG>
</CYPRESSTAG>
Digital component placer commit/Report: Elapsed time ==> 0s.019ms
Digital Placement phase: Elapsed time ==> 0s.628ms
</CYPRESSTAG>
<CYPRESSTAG name="Digital Routing">
Routing successful.
Digital Routing phase: Elapsed time ==> 0s.587ms
</CYPRESSTAG>
<CYPRESSTAG name="Bitstream and API generation">
Bitstream and API generation phase: Elapsed time ==> 0s.373ms
</CYPRESSTAG>
<CYPRESSTAG name="Bitstream verification">
Bitstream verification phase: Elapsed time ==> 0s.077ms
</CYPRESSTAG>
<CYPRESSTAG name="Static timing analysis">
Timing report is in HWSW 9_timing.html.
Static timing analysis phase: Elapsed time ==> 0s.173ms
</CYPRESSTAG>
<CYPRESSTAG name="Data reporting">
Data reporting phase: Elapsed time ==> 0s.006ms
</CYPRESSTAG>
<CYPRESSTAG name="Database update...">
Design database save phase: Elapsed time ==> 0s.142ms
</CYPRESSTAG>
cydsfit: Elapsed time ==> 3s.294ms
</CYPRESSTAG>
Fitter phase: Elapsed time ==> 3s.341ms
API generation phase: Elapsed time ==> 1s.108ms
Dependency generation phase: Elapsed time ==> 0s.018ms
Cleanup phase: Elapsed time ==> 0s.003ms
