ARM GAS  C:\Users\LINETT~1\AppData\Local\Temp\ccCg5tsA.s 			page 1


   1              		.cpu cortex-m0
   2              		.fpu softvfp
   3              		.eabi_attribute 20, 1
   4              		.eabi_attribute 21, 1
   5              		.eabi_attribute 23, 3
   6              		.eabi_attribute 24, 1
   7              		.eabi_attribute 25, 1
   8              		.eabi_attribute 26, 1
   9              		.eabi_attribute 30, 1
  10              		.eabi_attribute 34, 0
  11              		.eabi_attribute 18, 4
  12              		.code	16
  13              		.file	"main.c"
  14              		.text
  15              	.Ltext0:
  16              		.cfi_sections	.debug_frame
  17              		.section	.text.BLE_RX_interrupt,"ax",%progbits
  18              		.align	2
  19              		.global	BLE_RX_interrupt
  20              		.code	16
  21              		.thumb_func
  22              		.type	BLE_RX_interrupt, %function
  23              	BLE_RX_interrupt:
  24              	.LFB40:
  25              		.file 1 ".\\main.c"
   1:.\main.c      **** /* ========================================
   2:.\main.c      ****  *
   3:.\main.c      ****  * UART echo with interrupt
   4:.\main.c      ****  *
   5:.\main.c      ****  * ========================================
   6:.\main.c      **** */
   7:.\main.c      **** #include <project.h>
   8:.\main.c      **** #include <stdlib.h>
   9:.\main.c      **** #define LOWBYTE 0                                   // Used to toggle between HIGH byte and LOW byt
  10:.\main.c      **** #define HIGHBYTE 1                                  // Used to toggle between HIGH byte and LOW byt
  11:.\main.c      **** #define FALSE 0
  12:.\main.c      **** #define TRUE 1
  13:.\main.c      **** #define LENGTH 5
  14:.\main.c      **** 
  15:.\main.c      **** #define ARRAY_SIZE 3
  16:.\main.c      **** //#define FILTER_LENGTH_mavg 19
  17:.\main.c      **** 
  18:.\main.c      **** 
  19:.\main.c      **** 
  20:.\main.c      **** #define StartMeasuring Measure_When_Low_Write(0);   // Used to start the Timer
  21:.\main.c      **** #define StopMeasuring Measure_When_Low_Write(1);    // Used to stop the Timer and capture the time 
  22:.\main.c      **** 
  23:.\main.c      **** int y[2] = {0,0};
  24:.\main.c      **** 
  25:.\main.c      **** //double x_mavg[FILTER_LENGTH_mavg+1] = {0,0,0,0,0,0,0,0,0,0,0,0,0,0,0,0,0,0,0,0};
  26:.\main.c      **** //double y_mavg = 0;
  27:.\main.c      **** //double b_mavg[FILTER_LENGTH_mavg+1] = {0.05,0.05,0.05,0.05,0.05,0.05,0.05,0.05,0.05,0.05,0.05,0.0
  28:.\main.c      **** #define FILTER_LENGTH_mavg 9
  29:.\main.c      **** //int y[2] = {0,0};
  30:.\main.c      **** double x_mavg[FILTER_LENGTH_mavg+1] = {0,0,0,0,0,0,0,0,0,0};
  31:.\main.c      **** double y_mavg = 0;
  32:.\main.c      **** double b_mavg[FILTER_LENGTH_mavg+1] = {0.1,0.1,0.1,0.1,0.1,0.1,0.1,0.1,0.1,0.1};
ARM GAS  C:\Users\LINETT~1\AppData\Local\Temp\ccCg5tsA.s 			page 2


  33:.\main.c      **** 
  34:.\main.c      **** 
  35:.\main.c      **** //double x_low[FILTER_LENGTH_low+1] = {0, 0, 0};
  36:.\main.c      **** //double y_low[FILTER_LENGTH_low+1] = {0, 0, 0};
  37:.\main.c      **** //double b_low[FILTER_LENGTH_low+1] = {0.0201, 0.0402, 0.0201};
  38:.\main.c      **** //double a_low[FILTER_LENGTH_low+1] = {1.0000, -1.5610, 0.6414};
  39:.\main.c      **** 
  40:.\main.c      **** #define FILTER_LENGTH_low 2
  41:.\main.c      **** double x_low[FILTER_LENGTH_low+1] = {0, 0, 0};
  42:.\main.c      **** double y_low[FILTER_LENGTH_low+1] = {0, 0, 0};
  43:.\main.c      **** double b_low[FILTER_LENGTH_low+1] = {0.0015, 0.0029, 0.0015};
  44:.\main.c      **** double a_low[FILTER_LENGTH_low+1] = {1.0000, -1.8890, 0.8949};
  45:.\main.c      **** 
  46:.\main.c      **** char current_byte = LOWBYTE;                        // Receive LOW byte first as default
  47:.\main.c      **** int16 value_in,value_out[2]={0,0},i=0,j=0,oldest,newest,diff,signed_data,old, low_pass_new, avg_new
  48:.\main.c      **** uint16 counter = 0, pointer, unsigned_data;  
  49:.\main.c      **** char FirstCall = TRUE;
  50:.\main.c      **** 
  51:.\main.c      **** signed int floor_and_convert(double y)
  52:.\main.c      **** {
  53:.\main.c      ****    if (y > 0)
  54:.\main.c      ****       return (signed int) (y+0.5);
  55:.\main.c      ****    else
  56:.\main.c      ****       return (signed int) (y-0.5);
  57:.\main.c      **** }
  58:.\main.c      **** 
  59:.\main.c      **** int low_pass_filter(int data)
  60:.\main.c      **** {
  61:.\main.c      ****    int i;
  62:.\main.c      ****    x_low[0] =  (double) data;
  63:.\main.c      ****    
  64:.\main.c      ****    y_low[0] = 0;
  65:.\main.c      ****   
  66:.\main.c      ****    for(i = 0;i <= FILTER_LENGTH_low;i++)                 // Run IIR filter for each received sample
  67:.\main.c      ****    {
  68:.\main.c      ****       y_low[0] += b_low[i]*x_low[i];
  69:.\main.c      ****    } 
  70:.\main.c      ****    
  71:.\main.c      ****    for(i =1;i <= FILTER_LENGTH_low;i++)               // Roll x array in order to hold old sample i
  72:.\main.c      ****    {
  73:.\main.c      ****       y_low[0] -= a_low[i]*y_low[i];
  74:.\main.c      ****    }
  75:.\main.c      **** 
  76:.\main.c      ****    for(i = FILTER_LENGTH_low-1;i >= 0;i--)
  77:.\main.c      ****     {
  78:.\main.c      ****        x_low[i+1]=x_low[i];
  79:.\main.c      ****        y_low[i+1]=y_low[i];
  80:.\main.c      ****     }
  81:.\main.c      **** 
  82:.\main.c      ****     return floor_and_convert(y_low[0]);
  83:.\main.c      **** }
  84:.\main.c      **** 
  85:.\main.c      **** signed int mavg_filter(signed int data)
  86:.\main.c      **** {
  87:.\main.c      ****    x_mavg[0] =  (double) data;      // Read received sample and perform type casts
  88:.\main.c      ****    
  89:.\main.c      ****    y_mavg = 0;
ARM GAS  C:\Users\LINETT~1\AppData\Local\Temp\ccCg5tsA.s 			page 3


  90:.\main.c      ****    for(i = 0;i <= FILTER_LENGTH_mavg;i++)           // Run FIR filter for each received sample
  91:.\main.c      ****    {
  92:.\main.c      ****       y_mavg += b_mavg[i]*x_mavg[i];
  93:.\main.c      ****    } 
  94:.\main.c      ****    
  95:.\main.c      ****    for(i = FILTER_LENGTH_mavg-1;i >= 0;i--)         // Roll x array in order to hold old sample inp
  96:.\main.c      ****    {
  97:.\main.c      ****       x_mavg[i+1] = x_mavg[i];
  98:.\main.c      ****    }
  99:.\main.c      ****       
 100:.\main.c      ****    return (unsigned int) y_mavg;                    // Perform type casts and return sample
 101:.\main.c      **** }
 102:.\main.c      **** 
 103:.\main.c      **** CY_ISR(RX_interrupt)
 104:.\main.c      **** {
 105:.\main.c      ****     char str[4];
 106:.\main.c      ****     uint8 ch = UART_UartGetChar();
 107:.\main.c      ****     UART_ClearRxInterruptSource(UART_GetRxInterruptSource());
 108:.\main.c      ****     
 109:.\main.c      ****     if(current_byte == LOWBYTE)                     // Receive LOW byte first
 110:.\main.c      ****     {
 111:.\main.c      ****         
 112:.\main.c      ****         
 113:.\main.c      ****         value_in = ch;                                 // Save UCA0RXBUF in the LOW byte of "value"
 114:.\main.c      ****         current_byte = HIGHBYTE;                    // Prepare to receive HIGH byte on next interru
 115:.\main.c      ****         return;                                     // Return from interrupt
 116:.\main.c      ****     }
 117:.\main.c      ****     
 118:.\main.c      ****     if(current_byte == HIGHBYTE)                    // Recieve HIGH byte
 119:.\main.c      ****     {
 120:.\main.c      ****         value_in += (ch<<8);                           // Save UCA0RXBUF in the HIGH byte of "value
 121:.\main.c      ****         current_byte = LOWBYTE;                     // Prepare to receive LOW byte on next interrup
 122:.\main.c      ****                 
 123:.\main.c      ****         StartMeasuring
 124:.\main.c      ****         value_out[1] = value_out[0];
 125:.\main.c      ****            low_pass_new = low_pass_filter(value_in);
 126:.\main.c      ****            value_out[0] = low_pass_new;                     // Value_in for at genskabe signalet
 127:.\main.c      ****             //avg_new = mavg_filter(value_in);   
 128:.\main.c      ****             //value_out[0] = avg_new; 
 129:.\main.c      ****         
 130:.\main.c      ****         StopMeasuring
 131:.\main.c      ****         
 132:.\main.c      ****         
 133:.\main.c      ****         if ((value_out[0] >= 225) && (value_out[1] < 225))      // Applay simple thresholding
 134:.\main.c      ****         {
 135:.\main.c      ****             j = j + 1;
 136:.\main.c      ****             UART_BLE_UartPutString(itoa(j,str,10));             // Notify BLE_Peripheral
 137:.\main.c      ****             UART_BLE_UartPutChar(10);    
 138:.\main.c      ****             UART_BLE_UartPutChar(13);  
 139:.\main.c      ****         }
 140:.\main.c      ****        
 141:.\main.c      ****        
 142:.\main.c      ****           //UART_UartPutChar(avg_new);
 143:.\main.c      ****           //UART_UartPutChar(avg_new>>8);
 144:.\main.c      ****       
 145:.\main.c      ****         UART_UartPutChar(low_pass_new);
 146:.\main.c      ****         UART_UartPutChar(low_pass_new>>8); 
ARM GAS  C:\Users\LINETT~1\AppData\Local\Temp\ccCg5tsA.s 			page 4


 147:.\main.c      ****     }
 148:.\main.c      **** }
 149:.\main.c      **** 
 150:.\main.c      **** CY_ISR(BLE_RX_interrupt)
 151:.\main.c      **** {
  26              		.loc 1 151 0
  27              		.cfi_startproc
  28 0000 08B5     		push	{r3, lr}
  29              		.cfi_def_cfa_offset 8
  30              		.cfi_offset 3, -8
  31              		.cfi_offset 14, -4
 152:.\main.c      ****     uint8 ch = UART_BLE_UartGetChar();
  32              		.loc 1 152 0
  33 0002 FFF7FEFF 		bl	UART_BLE_UartGetChar
  34              	.LVL0:
 153:.\main.c      ****     UART_BLE_ClearRxInterruptSource(UART_BLE_GetRxInterruptSource());
  35              		.loc 1 153 0
  36 0006 044B     		ldr	r3, .L2
  37 0008 1A68     		ldr	r2, [r3]
  38 000a 1A60     		str	r2, [r3]
 154:.\main.c      ****     UART_UartPutChar(ch);
  39              		.loc 1 154 0
  40 000c FF23     		mov	r3, #255
  41 000e 1840     		and	r0, r3
  42              	.LVL1:
  43 0010 FFF7FEFF 		bl	UART_SpiUartWriteTxData
  44              	.LVL2:
 155:.\main.c      **** }
  45              		.loc 1 155 0
  46              		@ sp needed
  47 0014 08BD     		pop	{r3, pc}
  48              	.L3:
  49 0016 C046     		.align	2
  50              	.L2:
  51 0018 C00F2540 		.word	1076170688
  52              		.cfi_endproc
  53              	.LFE40:
  54              		.size	BLE_RX_interrupt, .-BLE_RX_interrupt
  55              		.section	.text.Timer_interrupt,"ax",%progbits
  56              		.align	2
  57              		.global	Timer_interrupt
  58              		.code	16
  59              		.thumb_func
  60              		.type	Timer_interrupt, %function
  61              	Timer_interrupt:
  62              	.LFB41:
 156:.\main.c      **** 
 157:.\main.c      **** CY_ISR(Timer_interrupt)
 158:.\main.c      **** {
  63              		.loc 1 158 0
  64              		.cfi_startproc
  65 0000 08B5     		push	{r3, lr}
  66              		.cfi_def_cfa_offset 8
  67              		.cfi_offset 3, -8
  68              		.cfi_offset 14, -4
 159:.\main.c      ****     counter = Timer_ReadCapture();   
  69              		.loc 1 159 0
ARM GAS  C:\Users\LINETT~1\AppData\Local\Temp\ccCg5tsA.s 			page 5


  70 0002 FFF7FEFF 		bl	Timer_ReadCapture
  71              	.LVL3:
  72 0006 014B     		ldr	r3, .L5
  73 0008 1880     		strh	r0, [r3]
 160:.\main.c      **** }
  74              		.loc 1 160 0
  75              		@ sp needed
  76 000a 08BD     		pop	{r3, pc}
  77              	.L6:
  78              		.align	2
  79              	.L5:
  80 000c 00000000 		.word	.LANCHOR0
  81              		.cfi_endproc
  82              	.LFE41:
  83              		.size	Timer_interrupt, .-Timer_interrupt
  84              		.global	__aeabi_dcmpgt
  85              		.global	__aeabi_dadd
  86              		.global	__aeabi_d2iz
  87              		.global	__aeabi_dsub
  88              		.section	.text.floor_and_convert,"ax",%progbits
  89              		.align	2
  90              		.global	floor_and_convert
  91              		.code	16
  92              		.thumb_func
  93              		.type	floor_and_convert, %function
  94              	floor_and_convert:
  95              	.LFB36:
  52:.\main.c      ****    if (y > 0)
  96              		.loc 1 52 0
  97              		.cfi_startproc
  98              	.LVL4:
  99 0000 38B5     		push	{r3, r4, r5, lr}
 100              		.cfi_def_cfa_offset 16
 101              		.cfi_offset 3, -16
 102              		.cfi_offset 4, -12
 103              		.cfi_offset 5, -8
 104              		.cfi_offset 14, -4
 105 0002 041C     		mov	r4, r0
 106 0004 0D1C     		mov	r5, r1
  53:.\main.c      ****       return (signed int) (y+0.5);
 107              		.loc 1 53 0
 108 0006 0022     		mov	r2, #0
 109 0008 0023     		mov	r3, #0
 110 000a FFF7FEFF 		bl	__aeabi_dcmpgt
 111              	.LVL5:
 112 000e 0028     		cmp	r0, #0
 113 0010 08D0     		beq	.L12
  54:.\main.c      ****    else
 114              		.loc 1 54 0
 115 0012 201C     		mov	r0, r4
 116 0014 291C     		mov	r1, r5
 117 0016 0022     		mov	r2, #0
 118 0018 074B     		ldr	r3, .L13
 119 001a FFF7FEFF 		bl	__aeabi_dadd
 120              	.LVL6:
 121 001e FFF7FEFF 		bl	__aeabi_d2iz
 122              	.LVL7:
ARM GAS  C:\Users\LINETT~1\AppData\Local\Temp\ccCg5tsA.s 			page 6


 123 0022 07E0     		b	.L10
 124              	.L12:
  56:.\main.c      **** }
 125              		.loc 1 56 0
 126 0024 201C     		mov	r0, r4
 127 0026 291C     		mov	r1, r5
 128 0028 0022     		mov	r2, #0
 129 002a 034B     		ldr	r3, .L13
 130 002c FFF7FEFF 		bl	__aeabi_dsub
 131              	.LVL8:
 132 0030 FFF7FEFF 		bl	__aeabi_d2iz
 133              	.LVL9:
 134              	.L10:
  57:.\main.c      **** 
 135              		.loc 1 57 0
 136              		@ sp needed
 137 0034 38BD     		pop	{r3, r4, r5, pc}
 138              	.L14:
 139 0036 C046     		.align	2
 140              	.L13:
 141 0038 0000E03F 		.word	1071644672
 142              		.cfi_endproc
 143              	.LFE36:
 144              		.size	floor_and_convert, .-floor_and_convert
 145              		.global	__aeabi_i2d
 146              		.global	__aeabi_dmul
 147              		.section	.text.low_pass_filter,"ax",%progbits
 148              		.align	2
 149              		.global	low_pass_filter
 150              		.code	16
 151              		.thumb_func
 152              		.type	low_pass_filter, %function
 153              	low_pass_filter:
 154              	.LFB37:
  60:.\main.c      ****    int i;
 155              		.loc 1 60 0
 156              		.cfi_startproc
 157              	.LVL10:
 158 0000 38B5     		push	{r3, r4, r5, lr}
 159              		.cfi_def_cfa_offset 16
 160              		.cfi_offset 3, -16
 161              		.cfi_offset 4, -12
 162              		.cfi_offset 5, -8
 163              		.cfi_offset 14, -4
  62:.\main.c      ****    
 164              		.loc 1 62 0
 165 0002 FFF7FEFF 		bl	__aeabi_i2d
 166              	.LVL11:
 167 0006 284B     		ldr	r3, .L22
 168 0008 9860     		str	r0, [r3, #8]
 169 000a D960     		str	r1, [r3, #12]
  64:.\main.c      ****   
 170              		.loc 1 64 0
 171 000c 0020     		mov	r0, #0
 172 000e 0021     		mov	r1, #0
 173 0010 1862     		str	r0, [r3, #32]
 174 0012 5962     		str	r1, [r3, #36]
ARM GAS  C:\Users\LINETT~1\AppData\Local\Temp\ccCg5tsA.s 			page 7


 175              	.LVL12:
  66:.\main.c      ****    {
 176              		.loc 1 66 0
 177 0014 0024     		mov	r4, #0
 178 0016 13E0     		b	.L16
 179              	.LVL13:
 180              	.L17:
  68:.\main.c      ****    } 
 181              		.loc 1 68 0 discriminator 3
 182 0018 E300     		lsl	r3, r4, #3
 183 001a 244A     		ldr	r2, .L22+4
 184 001c D218     		add	r2, r2, r3
 185 001e 1068     		ldr	r0, [r2]
 186 0020 5168     		ldr	r1, [r2, #4]
 187 0022 214D     		ldr	r5, .L22
 188 0024 EB18     		add	r3, r5, r3
 189 0026 9A68     		ldr	r2, [r3, #8]
 190 0028 DB68     		ldr	r3, [r3, #12]
 191 002a FFF7FEFF 		bl	__aeabi_dmul
 192              	.LVL14:
 193 002e 021C     		mov	r2, r0
 194 0030 0B1C     		mov	r3, r1
 195 0032 286A     		ldr	r0, [r5, #32]
 196 0034 696A     		ldr	r1, [r5, #36]
 197 0036 FFF7FEFF 		bl	__aeabi_dadd
 198              	.LVL15:
 199 003a 2862     		str	r0, [r5, #32]
 200 003c 6962     		str	r1, [r5, #36]
  66:.\main.c      ****    {
 201              		.loc 1 66 0 discriminator 3
 202 003e 0134     		add	r4, r4, #1
 203              	.LVL16:
 204              	.L16:
  66:.\main.c      ****    {
 205              		.loc 1 66 0 is_stmt 0 discriminator 1
 206 0040 022C     		cmp	r4, #2
 207 0042 E9DD     		ble	.L17
 208 0044 0124     		mov	r4, #1
 209              	.LVL17:
 210 0046 13E0     		b	.L18
 211              	.LVL18:
 212              	.L19:
  73:.\main.c      ****    }
 213              		.loc 1 73 0 is_stmt 1 discriminator 3
 214 0048 E300     		lsl	r3, r4, #3
 215 004a 184A     		ldr	r2, .L22+4
 216 004c D218     		add	r2, r2, r3
 217 004e 9069     		ldr	r0, [r2, #24]
 218 0050 D169     		ldr	r1, [r2, #28]
 219 0052 154D     		ldr	r5, .L22
 220 0054 EB18     		add	r3, r5, r3
 221 0056 1A6A     		ldr	r2, [r3, #32]
 222 0058 5B6A     		ldr	r3, [r3, #36]
 223 005a FFF7FEFF 		bl	__aeabi_dmul
 224              	.LVL19:
 225 005e 021C     		mov	r2, r0
 226 0060 0B1C     		mov	r3, r1
ARM GAS  C:\Users\LINETT~1\AppData\Local\Temp\ccCg5tsA.s 			page 8


 227 0062 286A     		ldr	r0, [r5, #32]
 228 0064 696A     		ldr	r1, [r5, #36]
 229 0066 FFF7FEFF 		bl	__aeabi_dsub
 230              	.LVL20:
 231 006a 2862     		str	r0, [r5, #32]
 232 006c 6962     		str	r1, [r5, #36]
  71:.\main.c      ****    {
 233              		.loc 1 71 0 discriminator 3
 234 006e 0134     		add	r4, r4, #1
 235              	.LVL21:
 236              	.L18:
  71:.\main.c      ****    {
 237              		.loc 1 71 0 is_stmt 0 discriminator 1
 238 0070 022C     		cmp	r4, #2
 239 0072 E9DD     		ble	.L19
 240 0074 0122     		mov	r2, #1
 241 0076 0EE0     		b	.L20
 242              	.LVL22:
 243              	.L21:
  78:.\main.c      ****        y_low[i+1]=y_low[i];
 244              		.loc 1 78 0 is_stmt 1 discriminator 3
 245 0078 531C     		add	r3, r2, #1
 246 007a 0B48     		ldr	r0, .L22
 247 007c D100     		lsl	r1, r2, #3
 248 007e 4118     		add	r1, r0, r1
 249 0080 DB00     		lsl	r3, r3, #3
 250 0082 C318     		add	r3, r0, r3
 251 0084 8C68     		ldr	r4, [r1, #8]
 252 0086 CD68     		ldr	r5, [r1, #12]
 253 0088 9C60     		str	r4, [r3, #8]
 254 008a DD60     		str	r5, [r3, #12]
  79:.\main.c      ****     }
 255              		.loc 1 79 0 discriminator 3
 256 008c 086A     		ldr	r0, [r1, #32]
 257 008e 496A     		ldr	r1, [r1, #36]
 258 0090 1862     		str	r0, [r3, #32]
 259 0092 5962     		str	r1, [r3, #36]
  76:.\main.c      ****     {
 260              		.loc 1 76 0 discriminator 3
 261 0094 013A     		sub	r2, r2, #1
 262              	.LVL23:
 263              	.L20:
  76:.\main.c      ****     {
 264              		.loc 1 76 0 is_stmt 0 discriminator 1
 265 0096 002A     		cmp	r2, #0
 266 0098 EEDA     		bge	.L21
  82:.\main.c      **** }
 267              		.loc 1 82 0 is_stmt 1
 268 009a 034B     		ldr	r3, .L22
 269 009c 186A     		ldr	r0, [r3, #32]
 270 009e 596A     		ldr	r1, [r3, #36]
 271 00a0 FFF7FEFF 		bl	floor_and_convert
 272              	.LVL24:
  83:.\main.c      **** 
 273              		.loc 1 83 0
 274              		@ sp needed
 275 00a4 38BD     		pop	{r3, r4, r5, pc}
ARM GAS  C:\Users\LINETT~1\AppData\Local\Temp\ccCg5tsA.s 			page 9


 276              	.L23:
 277 00a6 C046     		.align	2
 278              	.L22:
 279 00a8 00000000 		.word	.LANCHOR0
 280 00ac 00000000 		.word	.LANCHOR1
 281              		.cfi_endproc
 282              	.LFE37:
 283              		.size	low_pass_filter, .-low_pass_filter
 284              		.section	.text.RX_interrupt,"ax",%progbits
 285              		.align	2
 286              		.global	RX_interrupt
 287              		.code	16
 288              		.thumb_func
 289              		.type	RX_interrupt, %function
 290              	RX_interrupt:
 291              	.LFB39:
 104:.\main.c      ****     char str[4];
 292              		.loc 1 104 0
 293              		.cfi_startproc
 294 0000 30B5     		push	{r4, r5, lr}
 295              		.cfi_def_cfa_offset 12
 296              		.cfi_offset 4, -12
 297              		.cfi_offset 5, -8
 298              		.cfi_offset 14, -4
 299 0002 83B0     		sub	sp, sp, #12
 300              		.cfi_def_cfa_offset 24
 106:.\main.c      ****     UART_ClearRxInterruptSource(UART_GetRxInterruptSource());
 301              		.loc 1 106 0
 302 0004 FFF7FEFF 		bl	UART_UartGetChar
 303              	.LVL25:
 304 0008 C0B2     		uxtb	r0, r0
 305              	.LVL26:
 107:.\main.c      ****     
 306              		.loc 1 107 0
 307 000a 284B     		ldr	r3, .L29
 308 000c 1A68     		ldr	r2, [r3]
 309 000e 1A60     		str	r2, [r3]
 109:.\main.c      ****     {
 310              		.loc 1 109 0
 311 0010 3823     		mov	r3, #56
 312 0012 274A     		ldr	r2, .L29+4
 313 0014 D35C     		ldrb	r3, [r2, r3]
 314 0016 002B     		cmp	r3, #0
 315 0018 05D1     		bne	.L25
 113:.\main.c      ****         current_byte = HIGHBYTE;                    // Prepare to receive HIGH byte on next interru
 316              		.loc 1 113 0
 317 001a 264B     		ldr	r3, .L29+8
 318 001c 1880     		strh	r0, [r3]
 114:.\main.c      ****         return;                                     // Return from interrupt
 319              		.loc 1 114 0
 320 001e 0121     		mov	r1, #1
 321 0020 3823     		mov	r3, #56
 322 0022 D154     		strb	r1, [r2, r3]
 323 0024 3FE0     		b	.L24
 324              	.L25:
 118:.\main.c      ****     {
 325              		.loc 1 118 0
ARM GAS  C:\Users\LINETT~1\AppData\Local\Temp\ccCg5tsA.s 			page 10


 326 0026 012B     		cmp	r3, #1
 327 0028 3DD1     		bne	.L24
 120:.\main.c      ****         current_byte = LOWBYTE;                     // Prepare to receive LOW byte on next interrup
 328              		.loc 1 120 0
 329 002a 224D     		ldr	r5, .L29+8
 330 002c 0002     		lsl	r0, r0, #8
 331              	.LVL27:
 332 002e 2B88     		ldrh	r3, [r5]
 333 0030 C018     		add	r0, r0, r3
 334 0032 2880     		strh	r0, [r5]
 121:.\main.c      ****                 
 335              		.loc 1 121 0
 336 0034 1E4C     		ldr	r4, .L29+4
 337 0036 0022     		mov	r2, #0
 338 0038 3823     		mov	r3, #56
 339 003a E254     		strb	r2, [r4, r3]
 123:.\main.c      ****         value_out[1] = value_out[0];
 340              		.loc 1 123 0
 341 003c 0020     		mov	r0, #0
 342 003e FFF7FEFF 		bl	Measure_When_Low_Write
 343              	.LVL28:
 124:.\main.c      ****            low_pass_new = low_pass_filter(value_in);
 344              		.loc 1 124 0
 345 0042 A38F     		ldrh	r3, [r4, #60]
 346 0044 E387     		strh	r3, [r4, #62]
 125:.\main.c      ****            value_out[0] = low_pass_new;                     // Value_in for at genskabe signalet
 347              		.loc 1 125 0
 348 0046 0023     		mov	r3, #0
 349 0048 E85E     		ldrsh	r0, [r5, r3]
 350 004a FFF7FEFF 		bl	low_pass_filter
 351              	.LVL29:
 352 004e 80B2     		uxth	r0, r0
 353 0050 194B     		ldr	r3, .L29+12
 354 0052 1880     		strh	r0, [r3]
 126:.\main.c      ****             //avg_new = mavg_filter(value_in);   
 355              		.loc 1 126 0
 356 0054 A087     		strh	r0, [r4, #60]
 130:.\main.c      ****         
 357              		.loc 1 130 0
 358 0056 0120     		mov	r0, #1
 359 0058 FFF7FEFF 		bl	Measure_When_Low_Write
 360              	.LVL30:
 133:.\main.c      ****         {
 361              		.loc 1 133 0
 362 005c 3C22     		mov	r2, #60
 363 005e A35E     		ldrsh	r3, [r4, r2]
 364 0060 E02B     		cmp	r3, #224
 365 0062 17DD     		ble	.L28
 133:.\main.c      ****         {
 366              		.loc 1 133 0 is_stmt 0 discriminator 1
 367 0064 124B     		ldr	r3, .L29+4
 368 0066 3E22     		mov	r2, #62
 369 0068 9B5E     		ldrsh	r3, [r3, r2]
 370 006a E02B     		cmp	r3, #224
 371 006c 12DC     		bgt	.L28
 135:.\main.c      ****             UART_BLE_UartPutString(itoa(j,str,10));             // Notify BLE_Peripheral
 372              		.loc 1 135 0 is_stmt 1
ARM GAS  C:\Users\LINETT~1\AppData\Local\Temp\ccCg5tsA.s 			page 11


 373 006e 104A     		ldr	r2, .L29+4
 374 0070 4023     		mov	r3, #64
 375 0072 D05A     		ldrh	r0, [r2, r3]
 376 0074 0130     		add	r0, r0, #1
 377 0076 80B2     		uxth	r0, r0
 378 0078 D052     		strh	r0, [r2, r3]
 136:.\main.c      ****             UART_BLE_UartPutChar(10);    
 379              		.loc 1 136 0
 380 007a 00B2     		sxth	r0, r0
 381 007c 01A9     		add	r1, sp, #4
 382 007e 0A22     		mov	r2, #10
 383 0080 FFF7FEFF 		bl	itoa
 384              	.LVL31:
 385 0084 FFF7FEFF 		bl	UART_BLE_UartPutString
 386              	.LVL32:
 137:.\main.c      ****             UART_BLE_UartPutChar(13);  
 387              		.loc 1 137 0
 388 0088 0A20     		mov	r0, #10
 389 008a FFF7FEFF 		bl	UART_BLE_SpiUartWriteTxData
 390              	.LVL33:
 138:.\main.c      ****         }
 391              		.loc 1 138 0
 392 008e 0D20     		mov	r0, #13
 393 0090 FFF7FEFF 		bl	UART_BLE_SpiUartWriteTxData
 394              	.LVL34:
 395              	.L28:
 145:.\main.c      ****         UART_UartPutChar(low_pass_new>>8); 
 396              		.loc 1 145 0
 397 0094 084C     		ldr	r4, .L29+12
 398 0096 0023     		mov	r3, #0
 399 0098 E05E     		ldrsh	r0, [r4, r3]
 400 009a FFF7FEFF 		bl	UART_SpiUartWriteTxData
 401              	.LVL35:
 146:.\main.c      ****     }
 402              		.loc 1 146 0
 403 009e 0120     		mov	r0, #1
 404 00a0 2056     		ldrsb	r0, [r4, r0]
 405 00a2 FFF7FEFF 		bl	UART_SpiUartWriteTxData
 406              	.LVL36:
 407              	.L24:
 148:.\main.c      **** 
 408              		.loc 1 148 0
 409 00a6 03B0     		add	sp, sp, #12
 410              		@ sp needed
 411 00a8 30BD     		pop	{r4, r5, pc}
 412              	.L30:
 413 00aa C046     		.align	2
 414              	.L29:
 415 00ac C00F2740 		.word	1076301760
 416 00b0 00000000 		.word	.LANCHOR0
 417 00b4 00000000 		.word	value_in
 418 00b8 00000000 		.word	low_pass_new
 419              		.cfi_endproc
 420              	.LFE39:
 421              		.size	RX_interrupt, .-RX_interrupt
 422              		.global	__aeabi_d2uiz
 423              		.section	.text.mavg_filter,"ax",%progbits
ARM GAS  C:\Users\LINETT~1\AppData\Local\Temp\ccCg5tsA.s 			page 12


 424              		.align	2
 425              		.global	mavg_filter
 426              		.code	16
 427              		.thumb_func
 428              		.type	mavg_filter, %function
 429              	mavg_filter:
 430              	.LFB38:
  86:.\main.c      ****    x_mavg[0] =  (double) data;      // Read received sample and perform type casts
 431              		.loc 1 86 0
 432              		.cfi_startproc
 433              	.LVL37:
 434 0000 38B5     		push	{r3, r4, r5, lr}
 435              		.cfi_def_cfa_offset 16
 436              		.cfi_offset 3, -16
 437              		.cfi_offset 4, -12
 438              		.cfi_offset 5, -8
 439              		.cfi_offset 14, -4
  87:.\main.c      ****    
 440              		.loc 1 87 0
 441 0002 FFF7FEFF 		bl	__aeabi_i2d
 442              	.LVL38:
 443 0006 214B     		ldr	r3, .L36
 444 0008 9864     		str	r0, [r3, #72]
 445 000a D964     		str	r1, [r3, #76]
  89:.\main.c      ****    for(i = 0;i <= FILTER_LENGTH_mavg;i++)           // Run FIR filter for each received sample
 446              		.loc 1 89 0
 447 000c 204B     		ldr	r3, .L36+4
 448 000e 0020     		mov	r0, #0
 449 0010 0021     		mov	r1, #0
 450 0012 9861     		str	r0, [r3, #24]
 451 0014 D961     		str	r1, [r3, #28]
  90:.\main.c      ****    {
 452              		.loc 1 90 0
 453 0016 0022     		mov	r2, #0
 454 0018 1A84     		strh	r2, [r3, #32]
 455 001a 14E0     		b	.L32
 456              	.L33:
  92:.\main.c      ****    } 
 457              		.loc 1 92 0 discriminator 3
 458 001c 23B2     		sxth	r3, r4
 459 001e DB00     		lsl	r3, r3, #3
 460 0020 1C4A     		ldr	r2, .L36+8
 461 0022 D218     		add	r2, r2, r3
 462 0024 106B     		ldr	r0, [r2, #48]
 463 0026 516B     		ldr	r1, [r2, #52]
 464 0028 184A     		ldr	r2, .L36
 465 002a D318     		add	r3, r2, r3
 466 002c 9A6C     		ldr	r2, [r3, #72]
 467 002e DB6C     		ldr	r3, [r3, #76]
 468 0030 FFF7FEFF 		bl	__aeabi_dmul
 469              	.LVL39:
 470 0034 164D     		ldr	r5, .L36+4
 471 0036 AA69     		ldr	r2, [r5, #24]
 472 0038 EB69     		ldr	r3, [r5, #28]
 473 003a FFF7FEFF 		bl	__aeabi_dadd
 474              	.LVL40:
 475 003e A861     		str	r0, [r5, #24]
ARM GAS  C:\Users\LINETT~1\AppData\Local\Temp\ccCg5tsA.s 			page 13


 476 0040 E961     		str	r1, [r5, #28]
  90:.\main.c      ****    {
 477              		.loc 1 90 0 discriminator 3
 478 0042 0134     		add	r4, r4, #1
 479 0044 2C84     		strh	r4, [r5, #32]
 480              	.L32:
  90:.\main.c      ****    {
 481              		.loc 1 90 0 is_stmt 0 discriminator 1
 482 0046 124B     		ldr	r3, .L36+4
 483 0048 1C8C     		ldrh	r4, [r3, #32]
 484 004a 23B2     		sxth	r3, r4
 485 004c 092B     		cmp	r3, #9
 486 004e E5DD     		ble	.L33
  95:.\main.c      ****    {
 487              		.loc 1 95 0 is_stmt 1
 488 0050 0822     		mov	r2, #8
 489 0052 0F4B     		ldr	r3, .L36+4
 490 0054 1A84     		strh	r2, [r3, #32]
 491 0056 0DE0     		b	.L34
 492              	.L35:
  97:.\main.c      ****    }
 493              		.loc 1 97 0 discriminator 3
 494 0058 13B2     		sxth	r3, r2
 495 005a 5C1C     		add	r4, r3, #1
 496 005c 0B4D     		ldr	r5, .L36
 497 005e DB00     		lsl	r3, r3, #3
 498 0060 EB18     		add	r3, r5, r3
 499 0062 986C     		ldr	r0, [r3, #72]
 500 0064 D96C     		ldr	r1, [r3, #76]
 501 0066 E300     		lsl	r3, r4, #3
 502 0068 EB18     		add	r3, r5, r3
 503 006a 9864     		str	r0, [r3, #72]
 504 006c D964     		str	r1, [r3, #76]
  95:.\main.c      ****    {
 505              		.loc 1 95 0 discriminator 3
 506 006e 013A     		sub	r2, r2, #1
 507 0070 074B     		ldr	r3, .L36+4
 508 0072 1A84     		strh	r2, [r3, #32]
 509              	.L34:
  95:.\main.c      ****    {
 510              		.loc 1 95 0 is_stmt 0 discriminator 1
 511 0074 064B     		ldr	r3, .L36+4
 512 0076 1A8C     		ldrh	r2, [r3, #32]
 513 0078 13B2     		sxth	r3, r2
 514 007a 002B     		cmp	r3, #0
 515 007c ECDA     		bge	.L35
 100:.\main.c      **** }
 516              		.loc 1 100 0 is_stmt 1
 517 007e 044B     		ldr	r3, .L36+4
 518 0080 9869     		ldr	r0, [r3, #24]
 519 0082 D969     		ldr	r1, [r3, #28]
 520 0084 FFF7FEFF 		bl	__aeabi_d2uiz
 521              	.LVL41:
 101:.\main.c      **** 
 522              		.loc 1 101 0
 523              		@ sp needed
 524 0088 38BD     		pop	{r3, r4, r5, pc}
ARM GAS  C:\Users\LINETT~1\AppData\Local\Temp\ccCg5tsA.s 			page 14


 525              	.L37:
 526 008a C046     		.align	2
 527              	.L36:
 528 008c 00000000 		.word	.LANCHOR0
 529 0090 80000000 		.word	.LANCHOR2
 530 0094 00000000 		.word	.LANCHOR1
 531              		.cfi_endproc
 532              	.LFE38:
 533              		.size	mavg_filter, .-mavg_filter
 534              		.section	.text.main,"ax",%progbits
 535              		.align	2
 536              		.global	main
 537              		.code	16
 538              		.thumb_func
 539              		.type	main, %function
 540              	main:
 541              	.LFB42:
 161:.\main.c      **** 
 162:.\main.c      **** 
 163:.\main.c      **** int main()
 164:.\main.c      **** {
 542              		.loc 1 164 0
 543              		.cfi_startproc
 544 0000 08B5     		push	{r3, lr}
 545              		.cfi_def_cfa_offset 8
 546              		.cfi_offset 3, -8
 547              		.cfi_offset 14, -4
 165:.\main.c      ****  
 166:.\main.c      ****     CyGlobalIntEnable;                          /* Enable global interrupts */
 548              		.loc 1 166 0
 549              	@ 166 ".\main.c" 1
 550 0002 62B6     		CPSIE   i
 551              	@ 0 "" 2
 167:.\main.c      ****     Timer_ISR_StartEx(Timer_interrupt);         /* Set interrupt address */
 552              		.loc 1 167 0
 553              		.code	16
 554 0004 0A48     		ldr	r0, .L39
 555 0006 FFF7FEFF 		bl	Timer_ISR_StartEx
 556              	.LVL42:
 168:.\main.c      ****     UART_RX_ISR_StartEx(RX_interrupt);          /* Set interrupt address */
 557              		.loc 1 168 0
 558 000a 0A48     		ldr	r0, .L39+4
 559 000c FFF7FEFF 		bl	UART_RX_ISR_StartEx
 560              	.LVL43:
 169:.\main.c      ****     UART_BLE_RX_ISR_StartEx(BLE_RX_interrupt);  /* Set interrupt address */
 561              		.loc 1 169 0
 562 0010 0948     		ldr	r0, .L39+8
 563 0012 FFF7FEFF 		bl	UART_BLE_RX_ISR_StartEx
 564              	.LVL44:
 170:.\main.c      ****     UART_Start();                               /* Start UART */
 565              		.loc 1 170 0
 566 0016 FFF7FEFF 		bl	UART_Start
 567              	.LVL45:
 171:.\main.c      ****     UART_BLE_Start();                           /* Start UART_BLE */
 568              		.loc 1 171 0
 569 001a FFF7FEFF 		bl	UART_BLE_Start
 570              	.LVL46:
ARM GAS  C:\Users\LINETT~1\AppData\Local\Temp\ccCg5tsA.s 			page 15


 172:.\main.c      ****     Timer_Start();                              /* Start Timer */
 571              		.loc 1 172 0
 572 001e FFF7FEFF 		bl	Timer_Start
 573              	.LVL47:
 173:.\main.c      ****     Timer_ISR_Enable();                         /* Enable Timer interrupt service routine*/
 574              		.loc 1 173 0
 575 0022 FFF7FEFF 		bl	Timer_ISR_Enable
 576              	.LVL48:
 174:.\main.c      ****     CySysPmSleep();                             /* Enter Sleep mode */
 577              		.loc 1 174 0
 578 0026 FFF7FEFF 		bl	CySysPmSleep
 579              	.LVL49:
 175:.\main.c      ****     return 0;
 176:.\main.c      **** }
 580              		.loc 1 176 0
 581 002a 0020     		mov	r0, #0
 582              		@ sp needed
 583 002c 08BD     		pop	{r3, pc}
 584              	.L40:
 585 002e C046     		.align	2
 586              	.L39:
 587 0030 00000000 		.word	Timer_interrupt
 588 0034 00000000 		.word	RX_interrupt
 589 0038 00000000 		.word	BLE_RX_interrupt
 590              		.cfi_endproc
 591              	.LFE42:
 592              		.size	main, .-main
 593              		.global	FirstCall
 594              		.comm	unsigned_data,2,2
 595              		.comm	pointer,2,2
 596              		.global	counter
 597              		.comm	avg_new,2,2
 598              		.comm	low_pass_new,2,2
 599              		.comm	old,2,2
 600              		.comm	signed_data,2,2
 601              		.comm	diff,2,2
 602              		.comm	newest,2,2
 603              		.comm	oldest,2,2
 604              		.global	j
 605              		.global	i
 606              		.global	value_out
 607              		.comm	value_in,2,2
 608              		.global	current_byte
 609              		.global	a_low
 610              		.global	b_low
 611              		.global	y_low
 612              		.global	x_low
 613              		.global	b_mavg
 614              		.global	y_mavg
 615              		.global	x_mavg
 616              		.global	y
 617              		.data
 618              		.align	3
 619              		.set	.LANCHOR1,. + 0
 620              		.type	b_low, %object
 621              		.size	b_low, 24
 622              	b_low:
ARM GAS  C:\Users\LINETT~1\AppData\Local\Temp\ccCg5tsA.s 			page 16


 623 0000 FA7E6ABC 		.word	-1133871366
 624 0004 7493583F 		.word	1062769524
 625 0008 E09C11A5 		.word	-1525572384
 626 000c BDC1673F 		.word	1063764413
 627 0010 FA7E6ABC 		.word	-1133871366
 628 0014 7493583F 		.word	1062769524
 629              		.type	a_low, %object
 630              		.size	a_low, 24
 631              	a_low:
 632 0018 00000000 		.word	0
 633 001c 0000F03F 		.word	1072693248
 634 0020 D34D6210 		.word	274877907
 635 0024 5839FEBF 		.word	-1073858216
 636 0028 C2172653 		.word	1395005378
 637 002c 05A3EC3F 		.word	1072472837
 638              		.type	b_mavg, %object
 639              		.size	b_mavg, 80
 640              	b_mavg:
 641 0030 9A999999 		.word	-1717986918
 642 0034 9999B93F 		.word	1069128089
 643 0038 9A999999 		.word	-1717986918
 644 003c 9999B93F 		.word	1069128089
 645 0040 9A999999 		.word	-1717986918
 646 0044 9999B93F 		.word	1069128089
 647 0048 9A999999 		.word	-1717986918
 648 004c 9999B93F 		.word	1069128089
 649 0050 9A999999 		.word	-1717986918
 650 0054 9999B93F 		.word	1069128089
 651 0058 9A999999 		.word	-1717986918
 652 005c 9999B93F 		.word	1069128089
 653 0060 9A999999 		.word	-1717986918
 654 0064 9999B93F 		.word	1069128089
 655 0068 9A999999 		.word	-1717986918
 656 006c 9999B93F 		.word	1069128089
 657 0070 9A999999 		.word	-1717986918
 658 0074 9999B93F 		.word	1069128089
 659 0078 9A999999 		.word	-1717986918
 660 007c 9999B93F 		.word	1069128089
 661              		.type	FirstCall, %object
 662              		.size	FirstCall, 1
 663              	FirstCall:
 664 0080 01       		.byte	1
 665 0081 00000000 		.bss
 665      000000
 666              		.align	3
 667              		.set	.LANCHOR0,. + 0
 668              		.set	.LANCHOR2,. + 128
 669              		.type	counter, %object
 670              		.size	counter, 2
 671              	counter:
 672 0000 0000     		.space	2
 673 0002 00000000 		.space	6
 673      0000
 674              		.type	x_low, %object
 675              		.size	x_low, 24
 676              	x_low:
 677 0008 00000000 		.space	24
ARM GAS  C:\Users\LINETT~1\AppData\Local\Temp\ccCg5tsA.s 			page 17


 677      00000000 
 677      00000000 
 677      00000000 
 677      00000000 
 678              		.type	y_low, %object
 679              		.size	y_low, 24
 680              	y_low:
 681 0020 00000000 		.space	24
 681      00000000 
 681      00000000 
 681      00000000 
 681      00000000 
 682              		.type	current_byte, %object
 683              		.size	current_byte, 1
 684              	current_byte:
 685 0038 00       		.space	1
 686 0039 000000   		.space	3
 687              		.type	value_out, %object
 688              		.size	value_out, 4
 689              	value_out:
 690 003c 00000000 		.space	4
 691              		.type	j, %object
 692              		.size	j, 2
 693              	j:
 694 0040 0000     		.space	2
 695 0042 00000000 		.space	6
 695      0000
 696              		.type	x_mavg, %object
 697              		.size	x_mavg, 80
 698              	x_mavg:
 699 0048 00000000 		.space	80
 699      00000000 
 699      00000000 
 699      00000000 
 699      00000000 
 700              		.type	y_mavg, %object
 701              		.size	y_mavg, 8
 702              	y_mavg:
 703 0098 00000000 		.space	8
 703      00000000 
 704              		.type	i, %object
 705              		.size	i, 2
 706              	i:
 707 00a0 0000     		.space	2
 708 00a2 0000     		.space	2
 709              		.type	y, %object
 710              		.size	y, 8
 711              	y:
 712 00a4 00000000 		.space	8
 712      00000000 
 713 00ac 00000000 		.text
 714              	.Letext0:
 715              		.file 2 "Generated_Source\\PSoC4/cytypes.h"
 716              		.file 3 "Generated_Source\\PSoC4/UART_BLE_SPI_UART.h"
 717              		.file 4 "Generated_Source\\PSoC4/Timer.h"
 718              		.file 5 "Generated_Source\\PSoC4/UART_SPI_UART.h"
 719              		.file 6 "Generated_Source\\PSoC4/Measure_When_Low.h"
ARM GAS  C:\Users\LINETT~1\AppData\Local\Temp\ccCg5tsA.s 			page 18


 720              		.file 7 "Generated_Source\\PSoC4/Timer_ISR.h"
 721              		.file 8 "Generated_Source\\PSoC4/UART_RX_ISR.h"
 722              		.file 9 "Generated_Source\\PSoC4/UART_BLE_RX_ISR.h"
 723              		.file 10 "Generated_Source\\PSoC4/UART.h"
 724              		.file 11 "Generated_Source\\PSoC4/UART_BLE.h"
 725              		.file 12 "Generated_Source\\PSoC4/cyPm.h"
 726              		.file 13 "c:\\program files (x86)\\cypress\\psoc creator\\3.3\\psoc creator\\import\\gnu\\arm\\4.9
 727              		.section	.debug_info,"",%progbits
 728              	.Ldebug_info0:
 729 0000 EC050000 		.4byte	0x5ec
 730 0004 0400     		.2byte	0x4
 731 0006 00000000 		.4byte	.Ldebug_abbrev0
 732 000a 04       		.byte	0x4
 733 000b 01       		.uleb128 0x1
 734 000c 3C010000 		.4byte	.LASF63
 735 0010 01       		.byte	0x1
 736 0011 77030000 		.4byte	.LASF64
 737 0015 3C000000 		.4byte	.LASF65
 738 0019 00000000 		.4byte	.Ldebug_ranges0+0
 739 001d 00000000 		.4byte	0
 740 0021 00000000 		.4byte	.Ldebug_line0
 741 0025 02       		.uleb128 0x2
 742 0026 08       		.byte	0x8
 743 0027 04       		.byte	0x4
 744 0028 39030000 		.4byte	.LASF0
 745 002c 02       		.uleb128 0x2
 746 002d 01       		.byte	0x1
 747 002e 06       		.byte	0x6
 748 002f 39020000 		.4byte	.LASF1
 749 0033 02       		.uleb128 0x2
 750 0034 01       		.byte	0x1
 751 0035 08       		.byte	0x8
 752 0036 E8010000 		.4byte	.LASF2
 753 003a 02       		.uleb128 0x2
 754 003b 02       		.byte	0x2
 755 003c 05       		.byte	0x5
 756 003d 15000000 		.4byte	.LASF3
 757 0041 02       		.uleb128 0x2
 758 0042 02       		.byte	0x2
 759 0043 07       		.byte	0x7
 760 0044 A1020000 		.4byte	.LASF4
 761 0048 02       		.uleb128 0x2
 762 0049 04       		.byte	0x4
 763 004a 05       		.byte	0x5
 764 004b FE000000 		.4byte	.LASF5
 765 004f 02       		.uleb128 0x2
 766 0050 04       		.byte	0x4
 767 0051 07       		.byte	0x7
 768 0052 27030000 		.4byte	.LASF6
 769 0056 02       		.uleb128 0x2
 770 0057 08       		.byte	0x8
 771 0058 05       		.byte	0x5
 772 0059 E6000000 		.4byte	.LASF7
 773 005d 02       		.uleb128 0x2
 774 005e 08       		.byte	0x8
 775 005f 07       		.byte	0x7
 776 0060 45020000 		.4byte	.LASF8
ARM GAS  C:\Users\LINETT~1\AppData\Local\Temp\ccCg5tsA.s 			page 19


 777 0064 03       		.uleb128 0x3
 778 0065 04       		.byte	0x4
 779 0066 05       		.byte	0x5
 780 0067 696E7400 		.ascii	"int\000"
 781 006b 02       		.uleb128 0x2
 782 006c 04       		.byte	0x4
 783 006d 07       		.byte	0x7
 784 006e 5C020000 		.4byte	.LASF9
 785 0072 04       		.uleb128 0x4
 786 0073 C6000000 		.4byte	.LASF10
 787 0077 02       		.byte	0x2
 788 0078 3801     		.2byte	0x138
 789 007a 33000000 		.4byte	0x33
 790 007e 04       		.uleb128 0x4
 791 007f B2000000 		.4byte	.LASF11
 792 0083 02       		.byte	0x2
 793 0084 3901     		.2byte	0x139
 794 0086 41000000 		.4byte	0x41
 795 008a 04       		.uleb128 0x4
 796 008b 20030000 		.4byte	.LASF12
 797 008f 02       		.byte	0x2
 798 0090 3A01     		.2byte	0x13a
 799 0092 4F000000 		.4byte	0x4f
 800 0096 04       		.uleb128 0x4
 801 0097 B9000000 		.4byte	.LASF13
 802 009b 02       		.byte	0x2
 803 009c 3C01     		.2byte	0x13c
 804 009e 3A000000 		.4byte	0x3a
 805 00a2 02       		.uleb128 0x2
 806 00a3 04       		.byte	0x4
 807 00a4 04       		.byte	0x4
 808 00a5 D9000000 		.4byte	.LASF14
 809 00a9 04       		.uleb128 0x4
 810 00aa 28000000 		.4byte	.LASF15
 811 00ae 02       		.byte	0x2
 812 00af 4901     		.2byte	0x149
 813 00b1 B5000000 		.4byte	0xb5
 814 00b5 02       		.uleb128 0x2
 815 00b6 01       		.byte	0x1
 816 00b7 08       		.byte	0x8
 817 00b8 B4020000 		.4byte	.LASF16
 818 00bc 04       		.uleb128 0x4
 819 00bd 9B020000 		.4byte	.LASF17
 820 00c1 02       		.byte	0x2
 821 00c2 E401     		.2byte	0x1e4
 822 00c4 C8000000 		.4byte	0xc8
 823 00c8 05       		.uleb128 0x5
 824 00c9 8A000000 		.4byte	0x8a
 825 00cd 04       		.uleb128 0x4
 826 00ce FB010000 		.4byte	.LASF18
 827 00d2 02       		.byte	0x2
 828 00d3 F401     		.2byte	0x1f4
 829 00d5 D9000000 		.4byte	0xd9
 830 00d9 06       		.uleb128 0x6
 831 00da 04       		.byte	0x4
 832 00db DF000000 		.4byte	0xdf
 833 00df 07       		.uleb128 0x7
ARM GAS  C:\Users\LINETT~1\AppData\Local\Temp\ccCg5tsA.s 			page 20


 834 00e0 02       		.uleb128 0x2
 835 00e1 04       		.byte	0x4
 836 00e2 07       		.byte	0x7
 837 00e3 1F000000 		.4byte	.LASF19
 838 00e7 06       		.uleb128 0x6
 839 00e8 04       		.byte	0x4
 840 00e9 B5000000 		.4byte	0xb5
 841 00ed 08       		.uleb128 0x8
 842 00ee 88030000 		.4byte	.LASF20
 843 00f2 01       		.byte	0x1
 844 00f3 96       		.byte	0x96
 845 00f4 00000000 		.4byte	.LFB40
 846 00f8 1C000000 		.4byte	.LFE40-.LFB40
 847 00fc 01       		.uleb128 0x1
 848 00fd 9C       		.byte	0x9c
 849 00fe 23010000 		.4byte	0x123
 850 0102 09       		.uleb128 0x9
 851 0103 636800   		.ascii	"ch\000"
 852 0106 01       		.byte	0x1
 853 0107 98       		.byte	0x98
 854 0108 72000000 		.4byte	0x72
 855 010c 00000000 		.4byte	.LLST0
 856 0110 0A       		.uleb128 0xa
 857 0111 06000000 		.4byte	.LVL0
 858 0115 03050000 		.4byte	0x503
 859 0119 0A       		.uleb128 0xa
 860 011a 14000000 		.4byte	.LVL2
 861 011e 0F050000 		.4byte	0x50f
 862 0122 00       		.byte	0
 863 0123 08       		.uleb128 0x8
 864 0124 00000000 		.4byte	.LASF21
 865 0128 01       		.byte	0x1
 866 0129 9D       		.byte	0x9d
 867 012a 00000000 		.4byte	.LFB41
 868 012e 10000000 		.4byte	.LFE41-.LFB41
 869 0132 01       		.uleb128 0x1
 870 0133 9C       		.byte	0x9c
 871 0134 42010000 		.4byte	0x142
 872 0138 0A       		.uleb128 0xa
 873 0139 06000000 		.4byte	.LVL3
 874 013d 21050000 		.4byte	0x521
 875 0141 00       		.byte	0
 876 0142 0B       		.uleb128 0xb
 877 0143 27020000 		.4byte	.LASF22
 878 0147 01       		.byte	0x1
 879 0148 33       		.byte	0x33
 880 0149 64000000 		.4byte	0x64
 881 014d 00000000 		.4byte	.LFB36
 882 0151 3C000000 		.4byte	.LFE36-.LFB36
 883 0155 01       		.uleb128 0x1
 884 0156 9C       		.byte	0x9c
 885 0157 69010000 		.4byte	0x169
 886 015b 0C       		.uleb128 0xc
 887 015c 7900     		.ascii	"y\000"
 888 015e 01       		.byte	0x1
 889 015f 33       		.byte	0x33
 890 0160 25000000 		.4byte	0x25
ARM GAS  C:\Users\LINETT~1\AppData\Local\Temp\ccCg5tsA.s 			page 21


 891 0164 13000000 		.4byte	.LLST1
 892 0168 00       		.byte	0
 893 0169 0B       		.uleb128 0xb
 894 016a 8B020000 		.4byte	.LASF23
 895 016e 01       		.byte	0x1
 896 016f 3B       		.byte	0x3b
 897 0170 64000000 		.4byte	0x64
 898 0174 00000000 		.4byte	.LFB37
 899 0178 B0000000 		.4byte	.LFE37-.LFB37
 900 017c 01       		.uleb128 0x1
 901 017d 9C       		.byte	0x9c
 902 017e A8010000 		.4byte	0x1a8
 903 0182 0D       		.uleb128 0xd
 904 0183 14030000 		.4byte	.LASF24
 905 0187 01       		.byte	0x1
 906 0188 3B       		.byte	0x3b
 907 0189 64000000 		.4byte	0x64
 908 018d 3B000000 		.4byte	.LLST2
 909 0191 09       		.uleb128 0x9
 910 0192 6900     		.ascii	"i\000"
 911 0194 01       		.byte	0x1
 912 0195 3D       		.byte	0x3d
 913 0196 64000000 		.4byte	0x64
 914 019a 5C000000 		.4byte	.LLST3
 915 019e 0A       		.uleb128 0xa
 916 019f A4000000 		.4byte	.LVL24
 917 01a3 42010000 		.4byte	0x142
 918 01a7 00       		.byte	0
 919 01a8 08       		.uleb128 0x8
 920 01a9 22010000 		.4byte	.LASF25
 921 01ad 01       		.byte	0x1
 922 01ae 67       		.byte	0x67
 923 01af 00000000 		.4byte	.LFB39
 924 01b3 BC000000 		.4byte	.LFE39-.LFB39
 925 01b7 01       		.uleb128 0x1
 926 01b8 9C       		.byte	0x9c
 927 01b9 6C020000 		.4byte	0x26c
 928 01bd 0E       		.uleb128 0xe
 929 01be 73747200 		.ascii	"str\000"
 930 01c2 01       		.byte	0x1
 931 01c3 69       		.byte	0x69
 932 01c4 6C020000 		.4byte	0x26c
 933 01c8 02       		.uleb128 0x2
 934 01c9 91       		.byte	0x91
 935 01ca 6C       		.sleb128 -20
 936 01cb 09       		.uleb128 0x9
 937 01cc 636800   		.ascii	"ch\000"
 938 01cf 01       		.byte	0x1
 939 01d0 6A       		.byte	0x6a
 940 01d1 72000000 		.4byte	0x72
 941 01d5 91000000 		.4byte	.LLST4
 942 01d9 0A       		.uleb128 0xa
 943 01da 08000000 		.4byte	.LVL25
 944 01de 2D050000 		.4byte	0x52d
 945 01e2 0F       		.uleb128 0xf
 946 01e3 42000000 		.4byte	.LVL28
 947 01e7 39050000 		.4byte	0x539
ARM GAS  C:\Users\LINETT~1\AppData\Local\Temp\ccCg5tsA.s 			page 22


 948 01eb F5010000 		.4byte	0x1f5
 949 01ef 10       		.uleb128 0x10
 950 01f0 01       		.uleb128 0x1
 951 01f1 50       		.byte	0x50
 952 01f2 01       		.uleb128 0x1
 953 01f3 30       		.byte	0x30
 954 01f4 00       		.byte	0
 955 01f5 0A       		.uleb128 0xa
 956 01f6 4E000000 		.4byte	.LVL29
 957 01fa 69010000 		.4byte	0x169
 958 01fe 0F       		.uleb128 0xf
 959 01ff 5C000000 		.4byte	.LVL30
 960 0203 39050000 		.4byte	0x539
 961 0207 11020000 		.4byte	0x211
 962 020b 10       		.uleb128 0x10
 963 020c 01       		.uleb128 0x1
 964 020d 50       		.byte	0x50
 965 020e 01       		.uleb128 0x1
 966 020f 31       		.byte	0x31
 967 0210 00       		.byte	0
 968 0211 0F       		.uleb128 0xf
 969 0212 84000000 		.4byte	.LVL31
 970 0216 4A050000 		.4byte	0x54a
 971 021a 2A020000 		.4byte	0x22a
 972 021e 10       		.uleb128 0x10
 973 021f 01       		.uleb128 0x1
 974 0220 52       		.byte	0x52
 975 0221 01       		.uleb128 0x1
 976 0222 3A       		.byte	0x3a
 977 0223 10       		.uleb128 0x10
 978 0224 01       		.uleb128 0x1
 979 0225 51       		.byte	0x51
 980 0226 02       		.uleb128 0x2
 981 0227 91       		.byte	0x91
 982 0228 6C       		.sleb128 -20
 983 0229 00       		.byte	0
 984 022a 0A       		.uleb128 0xa
 985 022b 88000000 		.4byte	.LVL32
 986 022f 69050000 		.4byte	0x569
 987 0233 0F       		.uleb128 0xf
 988 0234 8E000000 		.4byte	.LVL33
 989 0238 86050000 		.4byte	0x586
 990 023c 46020000 		.4byte	0x246
 991 0240 10       		.uleb128 0x10
 992 0241 01       		.uleb128 0x1
 993 0242 50       		.byte	0x50
 994 0243 01       		.uleb128 0x1
 995 0244 3A       		.byte	0x3a
 996 0245 00       		.byte	0
 997 0246 0F       		.uleb128 0xf
 998 0247 94000000 		.4byte	.LVL34
 999 024b 86050000 		.4byte	0x586
 1000 024f 59020000 		.4byte	0x259
 1001 0253 10       		.uleb128 0x10
 1002 0254 01       		.uleb128 0x1
 1003 0255 50       		.byte	0x50
 1004 0256 01       		.uleb128 0x1
ARM GAS  C:\Users\LINETT~1\AppData\Local\Temp\ccCg5tsA.s 			page 23


 1005 0257 3D       		.byte	0x3d
 1006 0258 00       		.byte	0
 1007 0259 0A       		.uleb128 0xa
 1008 025a 9E000000 		.4byte	.LVL35
 1009 025e 0F050000 		.4byte	0x50f
 1010 0262 0A       		.uleb128 0xa
 1011 0263 A6000000 		.4byte	.LVL36
 1012 0267 0F050000 		.4byte	0x50f
 1013 026b 00       		.byte	0
 1014 026c 11       		.uleb128 0x11
 1015 026d B5000000 		.4byte	0xb5
 1016 0271 7C020000 		.4byte	0x27c
 1017 0275 12       		.uleb128 0x12
 1018 0276 E0000000 		.4byte	0xe0
 1019 027a 03       		.byte	0x3
 1020 027b 00       		.byte	0
 1021 027c 0B       		.uleb128 0xb
 1022 027d B1030000 		.4byte	.LASF26
 1023 0281 01       		.byte	0x1
 1024 0282 55       		.byte	0x55
 1025 0283 64000000 		.4byte	0x64
 1026 0287 00000000 		.4byte	.LFB38
 1027 028b 98000000 		.4byte	.LFE38-.LFB38
 1028 028f 01       		.uleb128 0x1
 1029 0290 9C       		.byte	0x9c
 1030 0291 A5020000 		.4byte	0x2a5
 1031 0295 0D       		.uleb128 0xd
 1032 0296 14030000 		.4byte	.LASF24
 1033 029a 01       		.byte	0x1
 1034 029b 55       		.byte	0x55
 1035 029c 64000000 		.4byte	0x64
 1036 02a0 A4000000 		.4byte	.LLST5
 1037 02a4 00       		.byte	0
 1038 02a5 13       		.uleb128 0x13
 1039 02a6 D0020000 		.4byte	.LASF27
 1040 02aa 01       		.byte	0x1
 1041 02ab A3       		.byte	0xa3
 1042 02ac 64000000 		.4byte	0x64
 1043 02b0 00000000 		.4byte	.LFB42
 1044 02b4 3C000000 		.4byte	.LFE42-.LFB42
 1045 02b8 01       		.uleb128 0x1
 1046 02b9 9C       		.byte	0x9c
 1047 02ba 31030000 		.4byte	0x331
 1048 02be 0F       		.uleb128 0xf
 1049 02bf 0A000000 		.4byte	.LVL42
 1050 02c3 98050000 		.4byte	0x598
 1051 02c7 D5020000 		.4byte	0x2d5
 1052 02cb 10       		.uleb128 0x10
 1053 02cc 01       		.uleb128 0x1
 1054 02cd 50       		.byte	0x50
 1055 02ce 05       		.uleb128 0x5
 1056 02cf 03       		.byte	0x3
 1057 02d0 00000000 		.4byte	Timer_interrupt
 1058 02d4 00       		.byte	0
 1059 02d5 0F       		.uleb128 0xf
 1060 02d6 10000000 		.4byte	.LVL43
 1061 02da A9050000 		.4byte	0x5a9
ARM GAS  C:\Users\LINETT~1\AppData\Local\Temp\ccCg5tsA.s 			page 24


 1062 02de EC020000 		.4byte	0x2ec
 1063 02e2 10       		.uleb128 0x10
 1064 02e3 01       		.uleb128 0x1
 1065 02e4 50       		.byte	0x50
 1066 02e5 05       		.uleb128 0x5
 1067 02e6 03       		.byte	0x3
 1068 02e7 00000000 		.4byte	RX_interrupt
 1069 02eb 00       		.byte	0
 1070 02ec 0F       		.uleb128 0xf
 1071 02ed 16000000 		.4byte	.LVL44
 1072 02f1 BA050000 		.4byte	0x5ba
 1073 02f5 03030000 		.4byte	0x303
 1074 02f9 10       		.uleb128 0x10
 1075 02fa 01       		.uleb128 0x1
 1076 02fb 50       		.byte	0x50
 1077 02fc 05       		.uleb128 0x5
 1078 02fd 03       		.byte	0x3
 1079 02fe 00000000 		.4byte	BLE_RX_interrupt
 1080 0302 00       		.byte	0
 1081 0303 0A       		.uleb128 0xa
 1082 0304 1A000000 		.4byte	.LVL45
 1083 0308 CB050000 		.4byte	0x5cb
 1084 030c 0A       		.uleb128 0xa
 1085 030d 1E000000 		.4byte	.LVL46
 1086 0311 D2050000 		.4byte	0x5d2
 1087 0315 0A       		.uleb128 0xa
 1088 0316 22000000 		.4byte	.LVL47
 1089 031a D9050000 		.4byte	0x5d9
 1090 031e 0A       		.uleb128 0xa
 1091 031f 26000000 		.4byte	.LVL48
 1092 0323 E1050000 		.4byte	0x5e1
 1093 0327 0A       		.uleb128 0xa
 1094 0328 2A000000 		.4byte	.LVL49
 1095 032c E8050000 		.4byte	0x5e8
 1096 0330 00       		.byte	0
 1097 0331 11       		.uleb128 0x11
 1098 0332 64000000 		.4byte	0x64
 1099 0336 41030000 		.4byte	0x341
 1100 033a 12       		.uleb128 0x12
 1101 033b E0000000 		.4byte	0xe0
 1102 033f 01       		.byte	0x1
 1103 0340 00       		.byte	0
 1104 0341 14       		.uleb128 0x14
 1105 0342 7900     		.ascii	"y\000"
 1106 0344 01       		.byte	0x1
 1107 0345 17       		.byte	0x17
 1108 0346 31030000 		.4byte	0x331
 1109 034a 05       		.uleb128 0x5
 1110 034b 03       		.byte	0x3
 1111 034c 00000000 		.4byte	y
 1112 0350 11       		.uleb128 0x11
 1113 0351 25000000 		.4byte	0x25
 1114 0355 60030000 		.4byte	0x360
 1115 0359 12       		.uleb128 0x12
 1116 035a E0000000 		.4byte	0xe0
 1117 035e 09       		.byte	0x9
 1118 035f 00       		.byte	0
ARM GAS  C:\Users\LINETT~1\AppData\Local\Temp\ccCg5tsA.s 			page 25


 1119 0360 15       		.uleb128 0x15
 1120 0361 BF000000 		.4byte	.LASF28
 1121 0365 01       		.byte	0x1
 1122 0366 1E       		.byte	0x1e
 1123 0367 50030000 		.4byte	0x350
 1124 036b 05       		.uleb128 0x5
 1125 036c 03       		.byte	0x3
 1126 036d 00000000 		.4byte	x_mavg
 1127 0371 15       		.uleb128 0x15
 1128 0372 19030000 		.4byte	.LASF29
 1129 0376 01       		.byte	0x1
 1130 0377 1F       		.byte	0x1f
 1131 0378 25000000 		.4byte	0x25
 1132 037c 05       		.uleb128 0x5
 1133 037d 03       		.byte	0x3
 1134 037e 00000000 		.4byte	y_mavg
 1135 0382 15       		.uleb128 0x15
 1136 0383 BD030000 		.4byte	.LASF30
 1137 0387 01       		.byte	0x1
 1138 0388 20       		.byte	0x20
 1139 0389 50030000 		.4byte	0x350
 1140 038d 05       		.uleb128 0x5
 1141 038e 03       		.byte	0x3
 1142 038f 00000000 		.4byte	b_mavg
 1143 0393 11       		.uleb128 0x11
 1144 0394 25000000 		.4byte	0x25
 1145 0398 A3030000 		.4byte	0x3a3
 1146 039c 12       		.uleb128 0x12
 1147 039d E0000000 		.4byte	0xe0
 1148 03a1 02       		.byte	0x2
 1149 03a2 00       		.byte	0
 1150 03a3 15       		.uleb128 0x15
 1151 03a4 AB030000 		.4byte	.LASF31
 1152 03a8 01       		.byte	0x1
 1153 03a9 29       		.byte	0x29
 1154 03aa 93030000 		.4byte	0x393
 1155 03ae 05       		.uleb128 0x5
 1156 03af 03       		.byte	0x3
 1157 03b0 00000000 		.4byte	x_low
 1158 03b4 15       		.uleb128 0x15
 1159 03b5 AC000000 		.4byte	.LASF32
 1160 03b9 01       		.byte	0x1
 1161 03ba 2A       		.byte	0x2a
 1162 03bb 93030000 		.4byte	0x393
 1163 03bf 05       		.uleb128 0x5
 1164 03c0 03       		.byte	0x3
 1165 03c1 00000000 		.4byte	y_low
 1166 03c5 15       		.uleb128 0x15
 1167 03c6 40030000 		.4byte	.LASF33
 1168 03ca 01       		.byte	0x1
 1169 03cb 2B       		.byte	0x2b
 1170 03cc 93030000 		.4byte	0x393
 1171 03d0 05       		.uleb128 0x5
 1172 03d1 03       		.byte	0x3
 1173 03d2 00000000 		.4byte	b_low
 1174 03d6 15       		.uleb128 0x15
 1175 03d7 CC000000 		.4byte	.LASF34
ARM GAS  C:\Users\LINETT~1\AppData\Local\Temp\ccCg5tsA.s 			page 26


 1176 03db 01       		.byte	0x1
 1177 03dc 2C       		.byte	0x2c
 1178 03dd 93030000 		.4byte	0x393
 1179 03e1 05       		.uleb128 0x5
 1180 03e2 03       		.byte	0x3
 1181 03e3 00000000 		.4byte	a_low
 1182 03e7 15       		.uleb128 0x15
 1183 03e8 2F010000 		.4byte	.LASF35
 1184 03ec 01       		.byte	0x1
 1185 03ed 2E       		.byte	0x2e
 1186 03ee B5000000 		.4byte	0xb5
 1187 03f2 05       		.uleb128 0x5
 1188 03f3 03       		.byte	0x3
 1189 03f4 00000000 		.4byte	current_byte
 1190 03f8 15       		.uleb128 0x15
 1191 03f9 6E030000 		.4byte	.LASF36
 1192 03fd 01       		.byte	0x1
 1193 03fe 2F       		.byte	0x2f
 1194 03ff 96000000 		.4byte	0x96
 1195 0403 05       		.uleb128 0x5
 1196 0404 03       		.byte	0x3
 1197 0405 00000000 		.4byte	value_in
 1198 0409 11       		.uleb128 0x11
 1199 040a 96000000 		.4byte	0x96
 1200 040e 19040000 		.4byte	0x419
 1201 0412 12       		.uleb128 0x12
 1202 0413 E0000000 		.4byte	0xe0
 1203 0417 01       		.byte	0x1
 1204 0418 00       		.byte	0
 1205 0419 15       		.uleb128 0x15
 1206 041a 07010000 		.4byte	.LASF37
 1207 041e 01       		.byte	0x1
 1208 041f 2F       		.byte	0x2f
 1209 0420 09040000 		.4byte	0x409
 1210 0424 05       		.uleb128 0x5
 1211 0425 03       		.byte	0x3
 1212 0426 00000000 		.4byte	value_out
 1213 042a 14       		.uleb128 0x14
 1214 042b 6900     		.ascii	"i\000"
 1215 042d 01       		.byte	0x1
 1216 042e 2F       		.byte	0x2f
 1217 042f 96000000 		.4byte	0x96
 1218 0433 05       		.uleb128 0x5
 1219 0434 03       		.byte	0x3
 1220 0435 00000000 		.4byte	i
 1221 0439 14       		.uleb128 0x14
 1222 043a 6A00     		.ascii	"j\000"
 1223 043c 01       		.byte	0x1
 1224 043d 2F       		.byte	0x2f
 1225 043e 96000000 		.4byte	0x96
 1226 0442 05       		.uleb128 0x5
 1227 0443 03       		.byte	0x3
 1228 0444 00000000 		.4byte	j
 1229 0448 15       		.uleb128 0x15
 1230 0449 DF000000 		.4byte	.LASF38
 1231 044d 01       		.byte	0x1
 1232 044e 2F       		.byte	0x2f
ARM GAS  C:\Users\LINETT~1\AppData\Local\Temp\ccCg5tsA.s 			page 27


 1233 044f 96000000 		.4byte	0x96
 1234 0453 05       		.uleb128 0x5
 1235 0454 03       		.byte	0x3
 1236 0455 00000000 		.4byte	oldest
 1237 0459 15       		.uleb128 0x15
 1238 045a D2000000 		.4byte	.LASF39
 1239 045e 01       		.byte	0x1
 1240 045f 2F       		.byte	0x2f
 1241 0460 96000000 		.4byte	0x96
 1242 0464 05       		.uleb128 0x5
 1243 0465 03       		.byte	0x3
 1244 0466 00000000 		.4byte	newest
 1245 046a 15       		.uleb128 0x15
 1246 046b 10000000 		.4byte	.LASF40
 1247 046f 01       		.byte	0x1
 1248 0470 2F       		.byte	0x2f
 1249 0471 96000000 		.4byte	0x96
 1250 0475 05       		.uleb128 0x5
 1251 0476 03       		.byte	0x3
 1252 0477 00000000 		.4byte	diff
 1253 047b 15       		.uleb128 0x15
 1254 047c A0000000 		.4byte	.LASF41
 1255 0480 01       		.byte	0x1
 1256 0481 2F       		.byte	0x2f
 1257 0482 96000000 		.4byte	0x96
 1258 0486 05       		.uleb128 0x5
 1259 0487 03       		.byte	0x3
 1260 0488 00000000 		.4byte	signed_data
 1261 048c 14       		.uleb128 0x14
 1262 048d 6F6C6400 		.ascii	"old\000"
 1263 0491 01       		.byte	0x1
 1264 0492 2F       		.byte	0x2f
 1265 0493 96000000 		.4byte	0x96
 1266 0497 05       		.uleb128 0x5
 1267 0498 03       		.byte	0x3
 1268 0499 00000000 		.4byte	old
 1269 049d 15       		.uleb128 0x15
 1270 049e DB010000 		.4byte	.LASF42
 1271 04a2 01       		.byte	0x1
 1272 04a3 2F       		.byte	0x2f
 1273 04a4 96000000 		.4byte	0x96
 1274 04a8 05       		.uleb128 0x5
 1275 04a9 03       		.byte	0x3
 1276 04aa 00000000 		.4byte	low_pass_new
 1277 04ae 15       		.uleb128 0x15
 1278 04af 46030000 		.4byte	.LASF43
 1279 04b3 01       		.byte	0x1
 1280 04b4 2F       		.byte	0x2f
 1281 04b5 96000000 		.4byte	0x96
 1282 04b9 05       		.uleb128 0x5
 1283 04ba 03       		.byte	0x3
 1284 04bb 00000000 		.4byte	avg_new
 1285 04bf 15       		.uleb128 0x15
 1286 04c0 08020000 		.4byte	.LASF44
 1287 04c4 01       		.byte	0x1
 1288 04c5 30       		.byte	0x30
 1289 04c6 7E000000 		.4byte	0x7e
ARM GAS  C:\Users\LINETT~1\AppData\Local\Temp\ccCg5tsA.s 			page 28


 1290 04ca 05       		.uleb128 0x5
 1291 04cb 03       		.byte	0x3
 1292 04cc 00000000 		.4byte	counter
 1293 04d0 15       		.uleb128 0x15
 1294 04d1 80030000 		.4byte	.LASF45
 1295 04d5 01       		.byte	0x1
 1296 04d6 30       		.byte	0x30
 1297 04d7 7E000000 		.4byte	0x7e
 1298 04db 05       		.uleb128 0x5
 1299 04dc 03       		.byte	0x3
 1300 04dd 00000000 		.4byte	pointer
 1301 04e1 15       		.uleb128 0x15
 1302 04e2 2E000000 		.4byte	.LASF46
 1303 04e6 01       		.byte	0x1
 1304 04e7 30       		.byte	0x30
 1305 04e8 7E000000 		.4byte	0x7e
 1306 04ec 05       		.uleb128 0x5
 1307 04ed 03       		.byte	0x3
 1308 04ee 00000000 		.4byte	unsigned_data
 1309 04f2 15       		.uleb128 0x15
 1310 04f3 F4000000 		.4byte	.LASF47
 1311 04f7 01       		.byte	0x1
 1312 04f8 31       		.byte	0x31
 1313 04f9 B5000000 		.4byte	0xb5
 1314 04fd 05       		.uleb128 0x5
 1315 04fe 03       		.byte	0x3
 1316 04ff 00000000 		.4byte	FirstCall
 1317 0503 16       		.uleb128 0x16
 1318 0504 69020000 		.4byte	.LASF48
 1319 0508 03       		.byte	0x3
 1320 0509 6A01     		.2byte	0x16a
 1321 050b 8A000000 		.4byte	0x8a
 1322 050f 17       		.uleb128 0x17
 1323 0510 D3030000 		.4byte	.LASF51
 1324 0514 05       		.byte	0x5
 1325 0515 8C01     		.2byte	0x18c
 1326 0517 21050000 		.4byte	0x521
 1327 051b 18       		.uleb128 0x18
 1328 051c 8A000000 		.4byte	0x8a
 1329 0520 00       		.byte	0
 1330 0521 16       		.uleb128 0x16
 1331 0522 99030000 		.4byte	.LASF49
 1332 0526 04       		.byte	0x4
 1333 0527 4D01     		.2byte	0x14d
 1334 0529 8A000000 		.4byte	0x8a
 1335 052d 16       		.uleb128 0x16
 1336 052e CA010000 		.4byte	.LASF50
 1337 0532 05       		.byte	0x5
 1338 0533 6A01     		.2byte	0x16a
 1339 0535 8A000000 		.4byte	0x8a
 1340 0539 19       		.uleb128 0x19
 1341 053a 10020000 		.4byte	.LASF52
 1342 053e 06       		.byte	0x6
 1343 053f 27       		.byte	0x27
 1344 0540 4A050000 		.4byte	0x54a
 1345 0544 18       		.uleb128 0x18
 1346 0545 72000000 		.4byte	0x72
ARM GAS  C:\Users\LINETT~1\AppData\Local\Temp\ccCg5tsA.s 			page 29


 1347 0549 00       		.byte	0
 1348 054a 1A       		.uleb128 0x1a
 1349 054b F6010000 		.4byte	.LASF66
 1350 054f 0D       		.byte	0xd
 1351 0550 B7       		.byte	0xb7
 1352 0551 E7000000 		.4byte	0xe7
 1353 0555 69050000 		.4byte	0x569
 1354 0559 18       		.uleb128 0x18
 1355 055a 64000000 		.4byte	0x64
 1356 055e 18       		.uleb128 0x18
 1357 055f E7000000 		.4byte	0xe7
 1358 0563 18       		.uleb128 0x18
 1359 0564 64000000 		.4byte	0x64
 1360 0568 00       		.byte	0
 1361 0569 17       		.uleb128 0x17
 1362 056a B9020000 		.4byte	.LASF53
 1363 056e 03       		.byte	0x3
 1364 056f 7701     		.2byte	0x177
 1365 0571 7B050000 		.4byte	0x57b
 1366 0575 18       		.uleb128 0x18
 1367 0576 7B050000 		.4byte	0x57b
 1368 057a 00       		.byte	0
 1369 057b 06       		.uleb128 0x6
 1370 057c 04       		.byte	0x4
 1371 057d 81050000 		.4byte	0x581
 1372 0581 1B       		.uleb128 0x1b
 1373 0582 A9000000 		.4byte	0xa9
 1374 0586 17       		.uleb128 0x17
 1375 0587 F8020000 		.4byte	.LASF54
 1376 058b 03       		.byte	0x3
 1377 058c 8C01     		.2byte	0x18c
 1378 058e 98050000 		.4byte	0x598
 1379 0592 18       		.uleb128 0x18
 1380 0593 8A000000 		.4byte	0x8a
 1381 0597 00       		.byte	0
 1382 0598 19       		.uleb128 0x19
 1383 0599 8E000000 		.4byte	.LASF55
 1384 059d 07       		.byte	0x7
 1385 059e 18       		.byte	0x18
 1386 059f A9050000 		.4byte	0x5a9
 1387 05a3 18       		.uleb128 0x18
 1388 05a4 CD000000 		.4byte	0xcd
 1389 05a8 00       		.byte	0
 1390 05a9 19       		.uleb128 0x19
 1391 05aa 4E030000 		.4byte	.LASF56
 1392 05ae 08       		.byte	0x8
 1393 05af 18       		.byte	0x18
 1394 05b0 BA050000 		.4byte	0x5ba
 1395 05b4 18       		.uleb128 0x18
 1396 05b5 CD000000 		.4byte	0xcd
 1397 05b9 00       		.byte	0
 1398 05ba 19       		.uleb128 0x19
 1399 05bb E0020000 		.4byte	.LASF57
 1400 05bf 09       		.byte	0x9
 1401 05c0 18       		.byte	0x18
 1402 05c1 CB050000 		.4byte	0x5cb
 1403 05c5 18       		.uleb128 0x18
ARM GAS  C:\Users\LINETT~1\AppData\Local\Temp\ccCg5tsA.s 			page 30


 1404 05c6 CD000000 		.4byte	0xcd
 1405 05ca 00       		.byte	0
 1406 05cb 1C       		.uleb128 0x1c
 1407 05cc D5020000 		.4byte	.LASF58
 1408 05d0 0A       		.byte	0xa
 1409 05d1 68       		.byte	0x68
 1410 05d2 1C       		.uleb128 0x1c
 1411 05d3 C4030000 		.4byte	.LASF59
 1412 05d7 0B       		.byte	0xb
 1413 05d8 68       		.byte	0x68
 1414 05d9 1D       		.uleb128 0x1d
 1415 05da 62030000 		.4byte	.LASF60
 1416 05de 04       		.byte	0x4
 1417 05df 3201     		.2byte	0x132
 1418 05e1 1C       		.uleb128 0x1c
 1419 05e2 11010000 		.4byte	.LASF61
 1420 05e6 07       		.byte	0x7
 1421 05e7 23       		.byte	0x23
 1422 05e8 1C       		.uleb128 0x1c
 1423 05e9 7E020000 		.4byte	.LASF62
 1424 05ed 0C       		.byte	0xc
 1425 05ee 1D       		.byte	0x1d
 1426 05ef 00       		.byte	0
 1427              		.section	.debug_abbrev,"",%progbits
 1428              	.Ldebug_abbrev0:
 1429 0000 01       		.uleb128 0x1
 1430 0001 11       		.uleb128 0x11
 1431 0002 01       		.byte	0x1
 1432 0003 25       		.uleb128 0x25
 1433 0004 0E       		.uleb128 0xe
 1434 0005 13       		.uleb128 0x13
 1435 0006 0B       		.uleb128 0xb
 1436 0007 03       		.uleb128 0x3
 1437 0008 0E       		.uleb128 0xe
 1438 0009 1B       		.uleb128 0x1b
 1439 000a 0E       		.uleb128 0xe
 1440 000b 55       		.uleb128 0x55
 1441 000c 17       		.uleb128 0x17
 1442 000d 11       		.uleb128 0x11
 1443 000e 01       		.uleb128 0x1
 1444 000f 10       		.uleb128 0x10
 1445 0010 17       		.uleb128 0x17
 1446 0011 00       		.byte	0
 1447 0012 00       		.byte	0
 1448 0013 02       		.uleb128 0x2
 1449 0014 24       		.uleb128 0x24
 1450 0015 00       		.byte	0
 1451 0016 0B       		.uleb128 0xb
 1452 0017 0B       		.uleb128 0xb
 1453 0018 3E       		.uleb128 0x3e
 1454 0019 0B       		.uleb128 0xb
 1455 001a 03       		.uleb128 0x3
 1456 001b 0E       		.uleb128 0xe
 1457 001c 00       		.byte	0
 1458 001d 00       		.byte	0
 1459 001e 03       		.uleb128 0x3
 1460 001f 24       		.uleb128 0x24
ARM GAS  C:\Users\LINETT~1\AppData\Local\Temp\ccCg5tsA.s 			page 31


 1461 0020 00       		.byte	0
 1462 0021 0B       		.uleb128 0xb
 1463 0022 0B       		.uleb128 0xb
 1464 0023 3E       		.uleb128 0x3e
 1465 0024 0B       		.uleb128 0xb
 1466 0025 03       		.uleb128 0x3
 1467 0026 08       		.uleb128 0x8
 1468 0027 00       		.byte	0
 1469 0028 00       		.byte	0
 1470 0029 04       		.uleb128 0x4
 1471 002a 16       		.uleb128 0x16
 1472 002b 00       		.byte	0
 1473 002c 03       		.uleb128 0x3
 1474 002d 0E       		.uleb128 0xe
 1475 002e 3A       		.uleb128 0x3a
 1476 002f 0B       		.uleb128 0xb
 1477 0030 3B       		.uleb128 0x3b
 1478 0031 05       		.uleb128 0x5
 1479 0032 49       		.uleb128 0x49
 1480 0033 13       		.uleb128 0x13
 1481 0034 00       		.byte	0
 1482 0035 00       		.byte	0
 1483 0036 05       		.uleb128 0x5
 1484 0037 35       		.uleb128 0x35
 1485 0038 00       		.byte	0
 1486 0039 49       		.uleb128 0x49
 1487 003a 13       		.uleb128 0x13
 1488 003b 00       		.byte	0
 1489 003c 00       		.byte	0
 1490 003d 06       		.uleb128 0x6
 1491 003e 0F       		.uleb128 0xf
 1492 003f 00       		.byte	0
 1493 0040 0B       		.uleb128 0xb
 1494 0041 0B       		.uleb128 0xb
 1495 0042 49       		.uleb128 0x49
 1496 0043 13       		.uleb128 0x13
 1497 0044 00       		.byte	0
 1498 0045 00       		.byte	0
 1499 0046 07       		.uleb128 0x7
 1500 0047 15       		.uleb128 0x15
 1501 0048 00       		.byte	0
 1502 0049 27       		.uleb128 0x27
 1503 004a 19       		.uleb128 0x19
 1504 004b 00       		.byte	0
 1505 004c 00       		.byte	0
 1506 004d 08       		.uleb128 0x8
 1507 004e 2E       		.uleb128 0x2e
 1508 004f 01       		.byte	0x1
 1509 0050 3F       		.uleb128 0x3f
 1510 0051 19       		.uleb128 0x19
 1511 0052 03       		.uleb128 0x3
 1512 0053 0E       		.uleb128 0xe
 1513 0054 3A       		.uleb128 0x3a
 1514 0055 0B       		.uleb128 0xb
 1515 0056 3B       		.uleb128 0x3b
 1516 0057 0B       		.uleb128 0xb
 1517 0058 27       		.uleb128 0x27
ARM GAS  C:\Users\LINETT~1\AppData\Local\Temp\ccCg5tsA.s 			page 32


 1518 0059 19       		.uleb128 0x19
 1519 005a 11       		.uleb128 0x11
 1520 005b 01       		.uleb128 0x1
 1521 005c 12       		.uleb128 0x12
 1522 005d 06       		.uleb128 0x6
 1523 005e 40       		.uleb128 0x40
 1524 005f 18       		.uleb128 0x18
 1525 0060 9742     		.uleb128 0x2117
 1526 0062 19       		.uleb128 0x19
 1527 0063 01       		.uleb128 0x1
 1528 0064 13       		.uleb128 0x13
 1529 0065 00       		.byte	0
 1530 0066 00       		.byte	0
 1531 0067 09       		.uleb128 0x9
 1532 0068 34       		.uleb128 0x34
 1533 0069 00       		.byte	0
 1534 006a 03       		.uleb128 0x3
 1535 006b 08       		.uleb128 0x8
 1536 006c 3A       		.uleb128 0x3a
 1537 006d 0B       		.uleb128 0xb
 1538 006e 3B       		.uleb128 0x3b
 1539 006f 0B       		.uleb128 0xb
 1540 0070 49       		.uleb128 0x49
 1541 0071 13       		.uleb128 0x13
 1542 0072 02       		.uleb128 0x2
 1543 0073 17       		.uleb128 0x17
 1544 0074 00       		.byte	0
 1545 0075 00       		.byte	0
 1546 0076 0A       		.uleb128 0xa
 1547 0077 898201   		.uleb128 0x4109
 1548 007a 00       		.byte	0
 1549 007b 11       		.uleb128 0x11
 1550 007c 01       		.uleb128 0x1
 1551 007d 31       		.uleb128 0x31
 1552 007e 13       		.uleb128 0x13
 1553 007f 00       		.byte	0
 1554 0080 00       		.byte	0
 1555 0081 0B       		.uleb128 0xb
 1556 0082 2E       		.uleb128 0x2e
 1557 0083 01       		.byte	0x1
 1558 0084 3F       		.uleb128 0x3f
 1559 0085 19       		.uleb128 0x19
 1560 0086 03       		.uleb128 0x3
 1561 0087 0E       		.uleb128 0xe
 1562 0088 3A       		.uleb128 0x3a
 1563 0089 0B       		.uleb128 0xb
 1564 008a 3B       		.uleb128 0x3b
 1565 008b 0B       		.uleb128 0xb
 1566 008c 27       		.uleb128 0x27
 1567 008d 19       		.uleb128 0x19
 1568 008e 49       		.uleb128 0x49
 1569 008f 13       		.uleb128 0x13
 1570 0090 11       		.uleb128 0x11
 1571 0091 01       		.uleb128 0x1
 1572 0092 12       		.uleb128 0x12
 1573 0093 06       		.uleb128 0x6
 1574 0094 40       		.uleb128 0x40
ARM GAS  C:\Users\LINETT~1\AppData\Local\Temp\ccCg5tsA.s 			page 33


 1575 0095 18       		.uleb128 0x18
 1576 0096 9642     		.uleb128 0x2116
 1577 0098 19       		.uleb128 0x19
 1578 0099 01       		.uleb128 0x1
 1579 009a 13       		.uleb128 0x13
 1580 009b 00       		.byte	0
 1581 009c 00       		.byte	0
 1582 009d 0C       		.uleb128 0xc
 1583 009e 05       		.uleb128 0x5
 1584 009f 00       		.byte	0
 1585 00a0 03       		.uleb128 0x3
 1586 00a1 08       		.uleb128 0x8
 1587 00a2 3A       		.uleb128 0x3a
 1588 00a3 0B       		.uleb128 0xb
 1589 00a4 3B       		.uleb128 0x3b
 1590 00a5 0B       		.uleb128 0xb
 1591 00a6 49       		.uleb128 0x49
 1592 00a7 13       		.uleb128 0x13
 1593 00a8 02       		.uleb128 0x2
 1594 00a9 17       		.uleb128 0x17
 1595 00aa 00       		.byte	0
 1596 00ab 00       		.byte	0
 1597 00ac 0D       		.uleb128 0xd
 1598 00ad 05       		.uleb128 0x5
 1599 00ae 00       		.byte	0
 1600 00af 03       		.uleb128 0x3
 1601 00b0 0E       		.uleb128 0xe
 1602 00b1 3A       		.uleb128 0x3a
 1603 00b2 0B       		.uleb128 0xb
 1604 00b3 3B       		.uleb128 0x3b
 1605 00b4 0B       		.uleb128 0xb
 1606 00b5 49       		.uleb128 0x49
 1607 00b6 13       		.uleb128 0x13
 1608 00b7 02       		.uleb128 0x2
 1609 00b8 17       		.uleb128 0x17
 1610 00b9 00       		.byte	0
 1611 00ba 00       		.byte	0
 1612 00bb 0E       		.uleb128 0xe
 1613 00bc 34       		.uleb128 0x34
 1614 00bd 00       		.byte	0
 1615 00be 03       		.uleb128 0x3
 1616 00bf 08       		.uleb128 0x8
 1617 00c0 3A       		.uleb128 0x3a
 1618 00c1 0B       		.uleb128 0xb
 1619 00c2 3B       		.uleb128 0x3b
 1620 00c3 0B       		.uleb128 0xb
 1621 00c4 49       		.uleb128 0x49
 1622 00c5 13       		.uleb128 0x13
 1623 00c6 02       		.uleb128 0x2
 1624 00c7 18       		.uleb128 0x18
 1625 00c8 00       		.byte	0
 1626 00c9 00       		.byte	0
 1627 00ca 0F       		.uleb128 0xf
 1628 00cb 898201   		.uleb128 0x4109
 1629 00ce 01       		.byte	0x1
 1630 00cf 11       		.uleb128 0x11
 1631 00d0 01       		.uleb128 0x1
ARM GAS  C:\Users\LINETT~1\AppData\Local\Temp\ccCg5tsA.s 			page 34


 1632 00d1 31       		.uleb128 0x31
 1633 00d2 13       		.uleb128 0x13
 1634 00d3 01       		.uleb128 0x1
 1635 00d4 13       		.uleb128 0x13
 1636 00d5 00       		.byte	0
 1637 00d6 00       		.byte	0
 1638 00d7 10       		.uleb128 0x10
 1639 00d8 8A8201   		.uleb128 0x410a
 1640 00db 00       		.byte	0
 1641 00dc 02       		.uleb128 0x2
 1642 00dd 18       		.uleb128 0x18
 1643 00de 9142     		.uleb128 0x2111
 1644 00e0 18       		.uleb128 0x18
 1645 00e1 00       		.byte	0
 1646 00e2 00       		.byte	0
 1647 00e3 11       		.uleb128 0x11
 1648 00e4 01       		.uleb128 0x1
 1649 00e5 01       		.byte	0x1
 1650 00e6 49       		.uleb128 0x49
 1651 00e7 13       		.uleb128 0x13
 1652 00e8 01       		.uleb128 0x1
 1653 00e9 13       		.uleb128 0x13
 1654 00ea 00       		.byte	0
 1655 00eb 00       		.byte	0
 1656 00ec 12       		.uleb128 0x12
 1657 00ed 21       		.uleb128 0x21
 1658 00ee 00       		.byte	0
 1659 00ef 49       		.uleb128 0x49
 1660 00f0 13       		.uleb128 0x13
 1661 00f1 2F       		.uleb128 0x2f
 1662 00f2 0B       		.uleb128 0xb
 1663 00f3 00       		.byte	0
 1664 00f4 00       		.byte	0
 1665 00f5 13       		.uleb128 0x13
 1666 00f6 2E       		.uleb128 0x2e
 1667 00f7 01       		.byte	0x1
 1668 00f8 3F       		.uleb128 0x3f
 1669 00f9 19       		.uleb128 0x19
 1670 00fa 03       		.uleb128 0x3
 1671 00fb 0E       		.uleb128 0xe
 1672 00fc 3A       		.uleb128 0x3a
 1673 00fd 0B       		.uleb128 0xb
 1674 00fe 3B       		.uleb128 0x3b
 1675 00ff 0B       		.uleb128 0xb
 1676 0100 49       		.uleb128 0x49
 1677 0101 13       		.uleb128 0x13
 1678 0102 11       		.uleb128 0x11
 1679 0103 01       		.uleb128 0x1
 1680 0104 12       		.uleb128 0x12
 1681 0105 06       		.uleb128 0x6
 1682 0106 40       		.uleb128 0x40
 1683 0107 18       		.uleb128 0x18
 1684 0108 9742     		.uleb128 0x2117
 1685 010a 19       		.uleb128 0x19
 1686 010b 01       		.uleb128 0x1
 1687 010c 13       		.uleb128 0x13
 1688 010d 00       		.byte	0
ARM GAS  C:\Users\LINETT~1\AppData\Local\Temp\ccCg5tsA.s 			page 35


 1689 010e 00       		.byte	0
 1690 010f 14       		.uleb128 0x14
 1691 0110 34       		.uleb128 0x34
 1692 0111 00       		.byte	0
 1693 0112 03       		.uleb128 0x3
 1694 0113 08       		.uleb128 0x8
 1695 0114 3A       		.uleb128 0x3a
 1696 0115 0B       		.uleb128 0xb
 1697 0116 3B       		.uleb128 0x3b
 1698 0117 0B       		.uleb128 0xb
 1699 0118 49       		.uleb128 0x49
 1700 0119 13       		.uleb128 0x13
 1701 011a 3F       		.uleb128 0x3f
 1702 011b 19       		.uleb128 0x19
 1703 011c 02       		.uleb128 0x2
 1704 011d 18       		.uleb128 0x18
 1705 011e 00       		.byte	0
 1706 011f 00       		.byte	0
 1707 0120 15       		.uleb128 0x15
 1708 0121 34       		.uleb128 0x34
 1709 0122 00       		.byte	0
 1710 0123 03       		.uleb128 0x3
 1711 0124 0E       		.uleb128 0xe
 1712 0125 3A       		.uleb128 0x3a
 1713 0126 0B       		.uleb128 0xb
 1714 0127 3B       		.uleb128 0x3b
 1715 0128 0B       		.uleb128 0xb
 1716 0129 49       		.uleb128 0x49
 1717 012a 13       		.uleb128 0x13
 1718 012b 3F       		.uleb128 0x3f
 1719 012c 19       		.uleb128 0x19
 1720 012d 02       		.uleb128 0x2
 1721 012e 18       		.uleb128 0x18
 1722 012f 00       		.byte	0
 1723 0130 00       		.byte	0
 1724 0131 16       		.uleb128 0x16
 1725 0132 2E       		.uleb128 0x2e
 1726 0133 00       		.byte	0
 1727 0134 3F       		.uleb128 0x3f
 1728 0135 19       		.uleb128 0x19
 1729 0136 03       		.uleb128 0x3
 1730 0137 0E       		.uleb128 0xe
 1731 0138 3A       		.uleb128 0x3a
 1732 0139 0B       		.uleb128 0xb
 1733 013a 3B       		.uleb128 0x3b
 1734 013b 05       		.uleb128 0x5
 1735 013c 27       		.uleb128 0x27
 1736 013d 19       		.uleb128 0x19
 1737 013e 49       		.uleb128 0x49
 1738 013f 13       		.uleb128 0x13
 1739 0140 3C       		.uleb128 0x3c
 1740 0141 19       		.uleb128 0x19
 1741 0142 00       		.byte	0
 1742 0143 00       		.byte	0
 1743 0144 17       		.uleb128 0x17
 1744 0145 2E       		.uleb128 0x2e
 1745 0146 01       		.byte	0x1
ARM GAS  C:\Users\LINETT~1\AppData\Local\Temp\ccCg5tsA.s 			page 36


 1746 0147 3F       		.uleb128 0x3f
 1747 0148 19       		.uleb128 0x19
 1748 0149 03       		.uleb128 0x3
 1749 014a 0E       		.uleb128 0xe
 1750 014b 3A       		.uleb128 0x3a
 1751 014c 0B       		.uleb128 0xb
 1752 014d 3B       		.uleb128 0x3b
 1753 014e 05       		.uleb128 0x5
 1754 014f 27       		.uleb128 0x27
 1755 0150 19       		.uleb128 0x19
 1756 0151 3C       		.uleb128 0x3c
 1757 0152 19       		.uleb128 0x19
 1758 0153 01       		.uleb128 0x1
 1759 0154 13       		.uleb128 0x13
 1760 0155 00       		.byte	0
 1761 0156 00       		.byte	0
 1762 0157 18       		.uleb128 0x18
 1763 0158 05       		.uleb128 0x5
 1764 0159 00       		.byte	0
 1765 015a 49       		.uleb128 0x49
 1766 015b 13       		.uleb128 0x13
 1767 015c 00       		.byte	0
 1768 015d 00       		.byte	0
 1769 015e 19       		.uleb128 0x19
 1770 015f 2E       		.uleb128 0x2e
 1771 0160 01       		.byte	0x1
 1772 0161 3F       		.uleb128 0x3f
 1773 0162 19       		.uleb128 0x19
 1774 0163 03       		.uleb128 0x3
 1775 0164 0E       		.uleb128 0xe
 1776 0165 3A       		.uleb128 0x3a
 1777 0166 0B       		.uleb128 0xb
 1778 0167 3B       		.uleb128 0x3b
 1779 0168 0B       		.uleb128 0xb
 1780 0169 27       		.uleb128 0x27
 1781 016a 19       		.uleb128 0x19
 1782 016b 3C       		.uleb128 0x3c
 1783 016c 19       		.uleb128 0x19
 1784 016d 01       		.uleb128 0x1
 1785 016e 13       		.uleb128 0x13
 1786 016f 00       		.byte	0
 1787 0170 00       		.byte	0
 1788 0171 1A       		.uleb128 0x1a
 1789 0172 2E       		.uleb128 0x2e
 1790 0173 01       		.byte	0x1
 1791 0174 3F       		.uleb128 0x3f
 1792 0175 19       		.uleb128 0x19
 1793 0176 03       		.uleb128 0x3
 1794 0177 0E       		.uleb128 0xe
 1795 0178 3A       		.uleb128 0x3a
 1796 0179 0B       		.uleb128 0xb
 1797 017a 3B       		.uleb128 0x3b
 1798 017b 0B       		.uleb128 0xb
 1799 017c 27       		.uleb128 0x27
 1800 017d 19       		.uleb128 0x19
 1801 017e 49       		.uleb128 0x49
 1802 017f 13       		.uleb128 0x13
ARM GAS  C:\Users\LINETT~1\AppData\Local\Temp\ccCg5tsA.s 			page 37


 1803 0180 3C       		.uleb128 0x3c
 1804 0181 19       		.uleb128 0x19
 1805 0182 01       		.uleb128 0x1
 1806 0183 13       		.uleb128 0x13
 1807 0184 00       		.byte	0
 1808 0185 00       		.byte	0
 1809 0186 1B       		.uleb128 0x1b
 1810 0187 26       		.uleb128 0x26
 1811 0188 00       		.byte	0
 1812 0189 49       		.uleb128 0x49
 1813 018a 13       		.uleb128 0x13
 1814 018b 00       		.byte	0
 1815 018c 00       		.byte	0
 1816 018d 1C       		.uleb128 0x1c
 1817 018e 2E       		.uleb128 0x2e
 1818 018f 00       		.byte	0
 1819 0190 3F       		.uleb128 0x3f
 1820 0191 19       		.uleb128 0x19
 1821 0192 03       		.uleb128 0x3
 1822 0193 0E       		.uleb128 0xe
 1823 0194 3A       		.uleb128 0x3a
 1824 0195 0B       		.uleb128 0xb
 1825 0196 3B       		.uleb128 0x3b
 1826 0197 0B       		.uleb128 0xb
 1827 0198 27       		.uleb128 0x27
 1828 0199 19       		.uleb128 0x19
 1829 019a 3C       		.uleb128 0x3c
 1830 019b 19       		.uleb128 0x19
 1831 019c 00       		.byte	0
 1832 019d 00       		.byte	0
 1833 019e 1D       		.uleb128 0x1d
 1834 019f 2E       		.uleb128 0x2e
 1835 01a0 00       		.byte	0
 1836 01a1 3F       		.uleb128 0x3f
 1837 01a2 19       		.uleb128 0x19
 1838 01a3 03       		.uleb128 0x3
 1839 01a4 0E       		.uleb128 0xe
 1840 01a5 3A       		.uleb128 0x3a
 1841 01a6 0B       		.uleb128 0xb
 1842 01a7 3B       		.uleb128 0x3b
 1843 01a8 05       		.uleb128 0x5
 1844 01a9 27       		.uleb128 0x27
 1845 01aa 19       		.uleb128 0x19
 1846 01ab 3C       		.uleb128 0x3c
 1847 01ac 19       		.uleb128 0x19
 1848 01ad 00       		.byte	0
 1849 01ae 00       		.byte	0
 1850 01af 00       		.byte	0
 1851              		.section	.debug_loc,"",%progbits
 1852              	.Ldebug_loc0:
 1853              	.LLST0:
 1854 0000 06000000 		.4byte	.LVL0
 1855 0004 10000000 		.4byte	.LVL1
 1856 0008 0100     		.2byte	0x1
 1857 000a 50       		.byte	0x50
 1858 000b 00000000 		.4byte	0
 1859 000f 00000000 		.4byte	0
ARM GAS  C:\Users\LINETT~1\AppData\Local\Temp\ccCg5tsA.s 			page 38


 1860              	.LLST1:
 1861 0013 00000000 		.4byte	.LVL4
 1862 0017 0D000000 		.4byte	.LVL5-1
 1863 001b 0600     		.2byte	0x6
 1864 001d 50       		.byte	0x50
 1865 001e 93       		.byte	0x93
 1866 001f 04       		.uleb128 0x4
 1867 0020 51       		.byte	0x51
 1868 0021 93       		.byte	0x93
 1869 0022 04       		.uleb128 0x4
 1870 0023 0D000000 		.4byte	.LVL5-1
 1871 0027 3C000000 		.4byte	.LFE36
 1872 002b 0600     		.2byte	0x6
 1873 002d F3       		.byte	0xf3
 1874 002e 03       		.uleb128 0x3
 1875 002f F5       		.byte	0xf5
 1876 0030 00       		.uleb128 0
 1877 0031 25       		.uleb128 0x25
 1878 0032 9F       		.byte	0x9f
 1879 0033 00000000 		.4byte	0
 1880 0037 00000000 		.4byte	0
 1881              	.LLST2:
 1882 003b 00000000 		.4byte	.LVL10
 1883 003f 05000000 		.4byte	.LVL11-1
 1884 0043 0100     		.2byte	0x1
 1885 0045 50       		.byte	0x50
 1886 0046 05000000 		.4byte	.LVL11-1
 1887 004a B0000000 		.4byte	.LFE37
 1888 004e 0400     		.2byte	0x4
 1889 0050 F3       		.byte	0xf3
 1890 0051 01       		.uleb128 0x1
 1891 0052 50       		.byte	0x50
 1892 0053 9F       		.byte	0x9f
 1893 0054 00000000 		.4byte	0
 1894 0058 00000000 		.4byte	0
 1895              	.LLST3:
 1896 005c 14000000 		.4byte	.LVL12
 1897 0060 18000000 		.4byte	.LVL13
 1898 0064 0200     		.2byte	0x2
 1899 0066 30       		.byte	0x30
 1900 0067 9F       		.byte	0x9f
 1901 0068 18000000 		.4byte	.LVL13
 1902 006c 46000000 		.4byte	.LVL17
 1903 0070 0100     		.2byte	0x1
 1904 0072 54       		.byte	0x54
 1905 0073 48000000 		.4byte	.LVL18
 1906 0077 78000000 		.4byte	.LVL22
 1907 007b 0100     		.2byte	0x1
 1908 007d 54       		.byte	0x54
 1909 007e 78000000 		.4byte	.LVL22
 1910 0082 A3000000 		.4byte	.LVL24-1
 1911 0086 0100     		.2byte	0x1
 1912 0088 52       		.byte	0x52
 1913 0089 00000000 		.4byte	0
 1914 008d 00000000 		.4byte	0
 1915              	.LLST4:
 1916 0091 0A000000 		.4byte	.LVL26
ARM GAS  C:\Users\LINETT~1\AppData\Local\Temp\ccCg5tsA.s 			page 39


 1917 0095 2E000000 		.4byte	.LVL27
 1918 0099 0100     		.2byte	0x1
 1919 009b 50       		.byte	0x50
 1920 009c 00000000 		.4byte	0
 1921 00a0 00000000 		.4byte	0
 1922              	.LLST5:
 1923 00a4 00000000 		.4byte	.LVL37
 1924 00a8 05000000 		.4byte	.LVL38-1
 1925 00ac 0100     		.2byte	0x1
 1926 00ae 50       		.byte	0x50
 1927 00af 05000000 		.4byte	.LVL38-1
 1928 00b3 98000000 		.4byte	.LFE38
 1929 00b7 0400     		.2byte	0x4
 1930 00b9 F3       		.byte	0xf3
 1931 00ba 01       		.uleb128 0x1
 1932 00bb 50       		.byte	0x50
 1933 00bc 9F       		.byte	0x9f
 1934 00bd 00000000 		.4byte	0
 1935 00c1 00000000 		.4byte	0
 1936              		.section	.debug_aranges,"",%progbits
 1937 0000 4C000000 		.4byte	0x4c
 1938 0004 0200     		.2byte	0x2
 1939 0006 00000000 		.4byte	.Ldebug_info0
 1940 000a 04       		.byte	0x4
 1941 000b 00       		.byte	0
 1942 000c 0000     		.2byte	0
 1943 000e 0000     		.2byte	0
 1944 0010 00000000 		.4byte	.LFB40
 1945 0014 1C000000 		.4byte	.LFE40-.LFB40
 1946 0018 00000000 		.4byte	.LFB41
 1947 001c 10000000 		.4byte	.LFE41-.LFB41
 1948 0020 00000000 		.4byte	.LFB36
 1949 0024 3C000000 		.4byte	.LFE36-.LFB36
 1950 0028 00000000 		.4byte	.LFB37
 1951 002c B0000000 		.4byte	.LFE37-.LFB37
 1952 0030 00000000 		.4byte	.LFB39
 1953 0034 BC000000 		.4byte	.LFE39-.LFB39
 1954 0038 00000000 		.4byte	.LFB38
 1955 003c 98000000 		.4byte	.LFE38-.LFB38
 1956 0040 00000000 		.4byte	.LFB42
 1957 0044 3C000000 		.4byte	.LFE42-.LFB42
 1958 0048 00000000 		.4byte	0
 1959 004c 00000000 		.4byte	0
 1960              		.section	.debug_ranges,"",%progbits
 1961              	.Ldebug_ranges0:
 1962 0000 00000000 		.4byte	.LFB40
 1963 0004 1C000000 		.4byte	.LFE40
 1964 0008 00000000 		.4byte	.LFB41
 1965 000c 10000000 		.4byte	.LFE41
 1966 0010 00000000 		.4byte	.LFB36
 1967 0014 3C000000 		.4byte	.LFE36
 1968 0018 00000000 		.4byte	.LFB37
 1969 001c B0000000 		.4byte	.LFE37
 1970 0020 00000000 		.4byte	.LFB39
 1971 0024 BC000000 		.4byte	.LFE39
 1972 0028 00000000 		.4byte	.LFB38
 1973 002c 98000000 		.4byte	.LFE38
ARM GAS  C:\Users\LINETT~1\AppData\Local\Temp\ccCg5tsA.s 			page 40


 1974 0030 00000000 		.4byte	.LFB42
 1975 0034 3C000000 		.4byte	.LFE42
 1976 0038 00000000 		.4byte	0
 1977 003c 00000000 		.4byte	0
 1978              		.section	.debug_line,"",%progbits
 1979              	.Ldebug_line0:
 1980 0000 65020000 		.section	.debug_str,"MS",%progbits,1
 1980      02005901 
 1980      00000201 
 1980      FB0E0D00 
 1980      01010101 
 1981              	.LASF21:
 1982 0000 54696D65 		.ascii	"Timer_interrupt\000"
 1982      725F696E 
 1982      74657272 
 1982      75707400 
 1983              	.LASF40:
 1984 0010 64696666 		.ascii	"diff\000"
 1984      00
 1985              	.LASF3:
 1986 0015 73686F72 		.ascii	"short int\000"
 1986      7420696E 
 1986      7400
 1987              	.LASF19:
 1988 001f 73697A65 		.ascii	"sizetype\000"
 1988      74797065 
 1988      00
 1989              	.LASF15:
 1990 0028 63686172 		.ascii	"char8\000"
 1990      3800
 1991              	.LASF46:
 1992 002e 756E7369 		.ascii	"unsigned_data\000"
 1992      676E6564 
 1992      5F646174 
 1992      6100
 1993              	.LASF65:
 1994 003c 433A5C55 		.ascii	"C:\\Users\\Linette Helena\\Documents\\GitHub\\ST4\\"
 1994      73657273 
 1994      5C4C696E 
 1994      65747465 
 1994      2048656C 
 1995 0069 50536F43 		.ascii	"PSoC\\mavg_filter_lavpas_filter.cydsn\000"
 1995      5C6D6176 
 1995      675F6669 
 1995      6C746572 
 1995      5F6C6176 
 1996              	.LASF55:
 1997 008e 54696D65 		.ascii	"Timer_ISR_StartEx\000"
 1997      725F4953 
 1997      525F5374 
 1997      61727445 
 1997      7800
 1998              	.LASF41:
 1999 00a0 7369676E 		.ascii	"signed_data\000"
 1999      65645F64 
 1999      61746100 
 2000              	.LASF32:
ARM GAS  C:\Users\LINETT~1\AppData\Local\Temp\ccCg5tsA.s 			page 41


 2001 00ac 795F6C6F 		.ascii	"y_low\000"
 2001      7700
 2002              	.LASF11:
 2003 00b2 75696E74 		.ascii	"uint16\000"
 2003      313600
 2004              	.LASF13:
 2005 00b9 696E7431 		.ascii	"int16\000"
 2005      3600
 2006              	.LASF28:
 2007 00bf 785F6D61 		.ascii	"x_mavg\000"
 2007      766700
 2008              	.LASF10:
 2009 00c6 75696E74 		.ascii	"uint8\000"
 2009      3800
 2010              	.LASF34:
 2011 00cc 615F6C6F 		.ascii	"a_low\000"
 2011      7700
 2012              	.LASF39:
 2013 00d2 6E657765 		.ascii	"newest\000"
 2013      737400
 2014              	.LASF14:
 2015 00d9 666C6F61 		.ascii	"float\000"
 2015      7400
 2016              	.LASF38:
 2017 00df 6F6C6465 		.ascii	"oldest\000"
 2017      737400
 2018              	.LASF7:
 2019 00e6 6C6F6E67 		.ascii	"long long int\000"
 2019      206C6F6E 
 2019      6720696E 
 2019      7400
 2020              	.LASF47:
 2021 00f4 46697273 		.ascii	"FirstCall\000"
 2021      7443616C 
 2021      6C00
 2022              	.LASF5:
 2023 00fe 6C6F6E67 		.ascii	"long int\000"
 2023      20696E74 
 2023      00
 2024              	.LASF37:
 2025 0107 76616C75 		.ascii	"value_out\000"
 2025      655F6F75 
 2025      7400
 2026              	.LASF61:
 2027 0111 54696D65 		.ascii	"Timer_ISR_Enable\000"
 2027      725F4953 
 2027      525F456E 
 2027      61626C65 
 2027      00
 2028              	.LASF25:
 2029 0122 52585F69 		.ascii	"RX_interrupt\000"
 2029      6E746572 
 2029      72757074 
 2029      00
 2030              	.LASF35:
 2031 012f 63757272 		.ascii	"current_byte\000"
 2031      656E745F 
ARM GAS  C:\Users\LINETT~1\AppData\Local\Temp\ccCg5tsA.s 			page 42


 2031      62797465 
 2031      00
 2032              	.LASF63:
 2033 013c 474E5520 		.ascii	"GNU C 4.9.3 20150303 (release) [ARM/embedded-4_9-br"
 2033      4320342E 
 2033      392E3320 
 2033      32303135 
 2033      30333033 
 2034 016f 616E6368 		.ascii	"anch revision 221220] -mcpu=cortex-m0 -mthumb -g -O"
 2034      20726576 
 2034      6973696F 
 2034      6E203232 
 2034      31323230 
 2035 01a2 67202D66 		.ascii	"g -ffunction-sections -ffat-lto-objects\000"
 2035      66756E63 
 2035      74696F6E 
 2035      2D736563 
 2035      74696F6E 
 2036              	.LASF50:
 2037 01ca 55415254 		.ascii	"UART_UartGetChar\000"
 2037      5F556172 
 2037      74476574 
 2037      43686172 
 2037      00
 2038              	.LASF42:
 2039 01db 6C6F775F 		.ascii	"low_pass_new\000"
 2039      70617373 
 2039      5F6E6577 
 2039      00
 2040              	.LASF2:
 2041 01e8 756E7369 		.ascii	"unsigned char\000"
 2041      676E6564 
 2041      20636861 
 2041      7200
 2042              	.LASF66:
 2043 01f6 69746F61 		.ascii	"itoa\000"
 2043      00
 2044              	.LASF18:
 2045 01fb 63796973 		.ascii	"cyisraddress\000"
 2045      72616464 
 2045      72657373 
 2045      00
 2046              	.LASF44:
 2047 0208 636F756E 		.ascii	"counter\000"
 2047      74657200 
 2048              	.LASF52:
 2049 0210 4D656173 		.ascii	"Measure_When_Low_Write\000"
 2049      7572655F 
 2049      5768656E 
 2049      5F4C6F77 
 2049      5F577269 
 2050              	.LASF22:
 2051 0227 666C6F6F 		.ascii	"floor_and_convert\000"
 2051      725F616E 
 2051      645F636F 
 2051      6E766572 
 2051      7400
ARM GAS  C:\Users\LINETT~1\AppData\Local\Temp\ccCg5tsA.s 			page 43


 2052              	.LASF1:
 2053 0239 7369676E 		.ascii	"signed char\000"
 2053      65642063 
 2053      68617200 
 2054              	.LASF8:
 2055 0245 6C6F6E67 		.ascii	"long long unsigned int\000"
 2055      206C6F6E 
 2055      6720756E 
 2055      7369676E 
 2055      65642069 
 2056              	.LASF9:
 2057 025c 756E7369 		.ascii	"unsigned int\000"
 2057      676E6564 
 2057      20696E74 
 2057      00
 2058              	.LASF48:
 2059 0269 55415254 		.ascii	"UART_BLE_UartGetChar\000"
 2059      5F424C45 
 2059      5F556172 
 2059      74476574 
 2059      43686172 
 2060              	.LASF62:
 2061 027e 43795379 		.ascii	"CySysPmSleep\000"
 2061      73506D53 
 2061      6C656570 
 2061      00
 2062              	.LASF23:
 2063 028b 6C6F775F 		.ascii	"low_pass_filter\000"
 2063      70617373 
 2063      5F66696C 
 2063      74657200 
 2064              	.LASF17:
 2065 029b 72656733 		.ascii	"reg32\000"
 2065      3200
 2066              	.LASF4:
 2067 02a1 73686F72 		.ascii	"short unsigned int\000"
 2067      7420756E 
 2067      7369676E 
 2067      65642069 
 2067      6E7400
 2068              	.LASF16:
 2069 02b4 63686172 		.ascii	"char\000"
 2069      00
 2070              	.LASF53:
 2071 02b9 55415254 		.ascii	"UART_BLE_UartPutString\000"
 2071      5F424C45 
 2071      5F556172 
 2071      74507574 
 2071      53747269 
 2072              	.LASF27:
 2073 02d0 6D61696E 		.ascii	"main\000"
 2073      00
 2074              	.LASF58:
 2075 02d5 55415254 		.ascii	"UART_Start\000"
 2075      5F537461 
 2075      727400
 2076              	.LASF57:
ARM GAS  C:\Users\LINETT~1\AppData\Local\Temp\ccCg5tsA.s 			page 44


 2077 02e0 55415254 		.ascii	"UART_BLE_RX_ISR_StartEx\000"
 2077      5F424C45 
 2077      5F52585F 
 2077      4953525F 
 2077      53746172 
 2078              	.LASF54:
 2079 02f8 55415254 		.ascii	"UART_BLE_SpiUartWriteTxData\000"
 2079      5F424C45 
 2079      5F537069 
 2079      55617274 
 2079      57726974 
 2080              	.LASF24:
 2081 0314 64617461 		.ascii	"data\000"
 2081      00
 2082              	.LASF29:
 2083 0319 795F6D61 		.ascii	"y_mavg\000"
 2083      766700
 2084              	.LASF12:
 2085 0320 75696E74 		.ascii	"uint32\000"
 2085      333200
 2086              	.LASF6:
 2087 0327 6C6F6E67 		.ascii	"long unsigned int\000"
 2087      20756E73 
 2087      69676E65 
 2087      6420696E 
 2087      7400
 2088              	.LASF0:
 2089 0339 646F7562 		.ascii	"double\000"
 2089      6C6500
 2090              	.LASF33:
 2091 0340 625F6C6F 		.ascii	"b_low\000"
 2091      7700
 2092              	.LASF43:
 2093 0346 6176675F 		.ascii	"avg_new\000"
 2093      6E657700 
 2094              	.LASF56:
 2095 034e 55415254 		.ascii	"UART_RX_ISR_StartEx\000"
 2095      5F52585F 
 2095      4953525F 
 2095      53746172 
 2095      74457800 
 2096              	.LASF60:
 2097 0362 54696D65 		.ascii	"Timer_Start\000"
 2097      725F5374 
 2097      61727400 
 2098              	.LASF36:
 2099 036e 76616C75 		.ascii	"value_in\000"
 2099      655F696E 
 2099      00
 2100              	.LASF64:
 2101 0377 2E5C6D61 		.ascii	".\\main.c\000"
 2101      696E2E63 
 2101      00
 2102              	.LASF45:
 2103 0380 706F696E 		.ascii	"pointer\000"
 2103      74657200 
 2104              	.LASF20:
ARM GAS  C:\Users\LINETT~1\AppData\Local\Temp\ccCg5tsA.s 			page 45


 2105 0388 424C455F 		.ascii	"BLE_RX_interrupt\000"
 2105      52585F69 
 2105      6E746572 
 2105      72757074 
 2105      00
 2106              	.LASF49:
 2107 0399 54696D65 		.ascii	"Timer_ReadCapture\000"
 2107      725F5265 
 2107      61644361 
 2107      70747572 
 2107      6500
 2108              	.LASF31:
 2109 03ab 785F6C6F 		.ascii	"x_low\000"
 2109      7700
 2110              	.LASF26:
 2111 03b1 6D617667 		.ascii	"mavg_filter\000"
 2111      5F66696C 
 2111      74657200 
 2112              	.LASF30:
 2113 03bd 625F6D61 		.ascii	"b_mavg\000"
 2113      766700
 2114              	.LASF59:
 2115 03c4 55415254 		.ascii	"UART_BLE_Start\000"
 2115      5F424C45 
 2115      5F537461 
 2115      727400
 2116              	.LASF51:
 2117 03d3 55415254 		.ascii	"UART_SpiUartWriteTxData\000"
 2117      5F537069 
 2117      55617274 
 2117      57726974 
 2117      65547844 
 2118              		.ident	"GCC: (GNU Tools for ARM Embedded Processors) 4.9.3 20150303 (release) [ARM/embedded-4_9-br
